<?xml version="1.0" encoding="UTF-8" ?>
<testsuite tests="12" failures="0" name="Transport.service.TransManagerTest" time="38.711" errors="12" skipped="0">
  <properties>
[...]
</properties>
  <testcase classname="Transport.service.TransManagerTest" name="editCar" time="4.536">
    <error message="Failed to load ApplicationContext" type="java.lang.IllegalStateException">java.lang.IllegalStateException: Failed to load ApplicationContext
	at org.springframework.test.context.TestContext.getApplicationContext(TestContext.java:308)
	at org.springframework.test.context.support.DependencyInjectionTestExecutionListener.injectDependencies(DependencyInjectionTestExecutionListener.java:109)
	at org.springframework.test.context.support.DependencyInjectionTestExecutionListener.prepareTestInstance(DependencyInjectionTestExecutionListener.java:75)
	at org.springframework.test.context.TestContextManager.prepareTestInstance(TestContextManager.java:321)
	at org.springframework.test.context.junit4.SpringJUnit4ClassRunner.createTest(SpringJUnit4ClassRunner.java:211)
	at org.springframework.test.context.junit4.SpringJUnit4ClassRunner$1.runReflectiveCall(SpringJUnit4ClassRunner.java:287)
	at org.junit.internal.runners.model.ReflectiveCallable.run(ReflectiveCallable.java:15)
	at org.springframework.test.context.junit4.SpringJUnit4ClassRunner.methodBlock(SpringJUnit4ClassRunner.java:289)
	at org.springframework.test.context.junit4.SpringJUnit4ClassRunner.runChild(SpringJUnit4ClassRunner.java:231)
	at org.junit.runners.BlockJUnit4ClassRunner.runChild(BlockJUnit4ClassRunner.java:48)
	at org.junit.runners.ParentRunner$3.run(ParentRunner.java:231)
	at org.junit.runners.ParentRunner$1.schedule(ParentRunner.java:60)
	at org.junit.runners.ParentRunner.runChildren(ParentRunner.java:229)
	at org.junit.runners.ParentRunner.access$000(ParentRunner.java:50)
	at org.junit.runners.ParentRunner$2.evaluate(ParentRunner.java:222)
	at org.springframework.test.context.junit4.statements.RunBeforeTestClassCallbacks.evaluate(RunBeforeTestClassCallbacks.java:61)
	at org.springframework.test.context.junit4.statements.RunAfterTestClassCallbacks.evaluate(RunAfterTestClassCallbacks.java:70)
	at org.junit.runners.ParentRunner.run(ParentRunner.java:292)
	at org.springframework.test.context.junit4.SpringJUnit4ClassRunner.run(SpringJUnit4ClassRunner.java:174)
	at org.apache.maven.surefire.junit4.JUnit4Provider.execute(JUnit4Provider.java:252)
	at org.apache.maven.surefire.junit4.JUnit4Provider.executeTestSet(JUnit4Provider.java:141)
	at org.apache.maven.surefire.junit4.JUnit4Provider.invoke(JUnit4Provider.java:112)
	at sun.reflect.NativeMethodAccessorImpl.invoke0(Native Method)
	at sun.reflect.NativeMethodAccessorImpl.invoke(Unknown Source)
	at sun.reflect.DelegatingMethodAccessorImpl.invoke(Unknown Source)
	at java.lang.reflect.Method.invoke(Unknown Source)
	at org.apache.maven.surefire.util.ReflectionUtils.invokeMethodWithArray(ReflectionUtils.java:189)
	at org.apache.maven.surefire.booter.ProviderFactory$ProviderProxy.invoke(ProviderFactory.java:165)
	at org.apache.maven.surefire.booter.ProviderFactory.invokeProvider(ProviderFactory.java:85)
	at org.apache.maven.surefire.booter.ForkedBooter.runSuitesInProcess(ForkedBooter.java:115)
	at org.apache.maven.surefire.booter.ForkedBooter.main(ForkedBooter.java:75)
Caused by: org.springframework.beans.factory.BeanCreationException: Error creating bean with name &apos;transMangerHibernateImpl&apos;: Injection of autowired dependencies failed; nested exception is org.springframework.beans.factory.BeanCreationException: Could not autowire field: private org.hibernate.SessionFactory Transport.service.TransMangerHibernateImpl.sessionFactory; nested exception is org.springframework.beans.factory.BeanCreationException: Error creating bean with name &apos;hibernateSessionFactory&apos; defined in class path resource [beans.xml]: Invocation of init method failed; nested exception is org.springframework.jdbc.UncategorizedSQLException: Hibernate operation: Cannot open connection; uncategorized SQLException for SQL [???]; SQL state [null]; error code [0]; Cannot create PoolableConnectionFactory (java.net.ConnectException: Connection refused: connect); nested exception is org.apache.commons.dbcp.SQLNestedException: Cannot create PoolableConnectionFactory (java.net.ConnectException: Connection refused: connect)
	at org.springframework.beans.factory.annotation.AutowiredAnnotationBeanPostProcessor.postProcessPropertyValues(AutowiredAnnotationBeanPostProcessor.java:288)
	at org.springframework.beans.factory.support.AbstractAutowireCapableBeanFactory.populateBean(AbstractAutowireCapableBeanFactory.java:1074)
	at org.springframework.beans.factory.support.AbstractAutowireCapableBeanFactory.doCreateBean(AbstractAutowireCapableBeanFactory.java:517)
	at org.springframework.beans.factory.support.AbstractAutowireCapableBeanFactory.createBean(AbstractAutowireCapableBeanFactory.java:456)
	at org.springframework.beans.factory.support.AbstractBeanFactory$1.getObject(AbstractBeanFactory.java:293)
	at org.springframework.beans.factory.support.DefaultSingletonBeanRegistry.getSingleton(DefaultSingletonBeanRegistry.java:222)
	at org.springframework.beans.factory.support.AbstractBeanFactory.doGetBean(AbstractBeanFactory.java:290)
	at org.springframework.beans.factory.support.AbstractBeanFactory.getBean(AbstractBeanFactory.java:192)
	at org.springframework.beans.factory.support.DefaultListableBeanFactory.preInstantiateSingletons(DefaultListableBeanFactory.java:585)
	at org.springframework.context.support.AbstractApplicationContext.finishBeanFactoryInitialization(AbstractApplicationContext.java:895)
	at org.springframework.context.support.AbstractApplicationContext.refresh(AbstractApplicationContext.java:425)
	at org.springframework.test.context.support.AbstractGenericContextLoader.loadContext(AbstractGenericContextLoader.java:84)
	at org.springframework.test.context.support.AbstractGenericContextLoader.loadContext(AbstractGenericContextLoader.java:1)
	at org.springframework.test.context.TestContext.loadApplicationContext(TestContext.java:280)
	at org.springframework.test.context.TestContext.getApplicationContext(TestContext.java:304)
	... 30 more
Caused by: org.springframework.beans.factory.BeanCreationException: Could not autowire field: private org.hibernate.SessionFactory Transport.service.TransMangerHibernateImpl.sessionFactory; nested exception is org.springframework.beans.factory.BeanCreationException: Error creating bean with name &apos;hibernateSessionFactory&apos; defined in class path resource [beans.xml]: Invocation of init method failed; nested exception is org.springframework.jdbc.UncategorizedSQLException: Hibernate operation: Cannot open connection; uncategorized SQLException for SQL [???]; SQL state [null]; error code [0]; Cannot create PoolableConnectionFactory (java.net.ConnectException: Connection refused: connect); nested exception is org.apache.commons.dbcp.SQLNestedException: Cannot create PoolableConnectionFactory (java.net.ConnectException: Connection refused: connect)
	at org.springframework.beans.factory.annotation.AutowiredAnnotationBeanPostProcessor$AutowiredFieldElement.inject(AutowiredAnnotationBeanPostProcessor.java:508)
	at org.springframework.beans.factory.annotation.InjectionMetadata.inject(InjectionMetadata.java:84)
	at org.springframework.beans.factory.annotation.AutowiredAnnotationBeanPostProcessor.postProcessPropertyValues(AutowiredAnnotationBeanPostProcessor.java:285)
	... 44 more
Caused by: org.springframework.beans.factory.BeanCreationException: Error creating bean with name &apos;hibernateSessionFactory&apos; defined in class path resource [beans.xml]: Invocation of init method failed; nested exception is org.springframework.jdbc.UncategorizedSQLException: Hibernate operation: Cannot open connection; uncategorized SQLException for SQL [???]; SQL state [null]; error code [0]; Cannot create PoolableConnectionFactory (java.net.ConnectException: Connection refused: connect); nested exception is org.apache.commons.dbcp.SQLNestedException: Cannot create PoolableConnectionFactory (java.net.ConnectException: Connection refused: connect)
	at org.springframework.beans.factory.support.AbstractAutowireCapableBeanFactory.initializeBean(AbstractAutowireCapableBeanFactory.java:1420)
	at org.springframework.beans.factory.support.AbstractAutowireCapableBeanFactory.doCreateBean(AbstractAutowireCapableBeanFactory.java:519)
	at org.springframework.beans.factory.support.AbstractAutowireCapableBeanFactory.createBean(AbstractAutowireCapableBeanFactory.java:456)
	at org.springframework.beans.factory.support.AbstractBeanFactory$1.getObject(AbstractBeanFactory.java:293)
	at org.springframework.beans.factory.support.DefaultSingletonBeanRegistry.getSingleton(DefaultSingletonBeanRegistry.java:222)
	at org.springframework.beans.factory.support.AbstractBeanFactory.doGetBean(AbstractBeanFactory.java:290)
	at org.springframework.beans.factory.support.AbstractBeanFactory.getBean(AbstractBeanFactory.java:192)
	at org.springframework.beans.factory.support.DefaultListableBeanFactory.findAutowireCandidates(DefaultListableBeanFactory.java:848)
	at org.springframework.beans.factory.support.DefaultListableBeanFactory.doResolveDependency(DefaultListableBeanFactory.java:790)
	at org.springframework.beans.factory.support.DefaultListableBeanFactory.resolveDependency(DefaultListableBeanFactory.java:707)
	at org.springframework.beans.factory.annotation.AutowiredAnnotationBeanPostProcessor$AutowiredFieldElement.inject(AutowiredAnnotationBeanPostProcessor.java:480)
	... 46 more
Caused by: org.springframework.jdbc.UncategorizedSQLException: Hibernate operation: Cannot open connection; uncategorized SQLException for SQL [???]; SQL state [null]; error code [0]; Cannot create PoolableConnectionFactory (java.net.ConnectException: Connection refused: connect); nested exception is org.apache.commons.dbcp.SQLNestedException: Cannot create PoolableConnectionFactory (java.net.ConnectException: Connection refused: connect)
	at org.springframework.jdbc.support.AbstractFallbackSQLExceptionTranslator.translate(AbstractFallbackSQLExceptionTranslator.java:83)
	at org.springframework.jdbc.support.AbstractFallbackSQLExceptionTranslator.translate(AbstractFallbackSQLExceptionTranslator.java:80)
	at org.springframework.orm.hibernate3.HibernateAccessor.convertJdbcAccessException(HibernateAccessor.java:424)
	at org.springframework.orm.hibernate3.HibernateAccessor.convertHibernateAccessException(HibernateAccessor.java:410)
	at org.springframework.orm.hibernate3.HibernateTemplate.doExecute(HibernateTemplate.java:411)
	at org.springframework.orm.hibernate3.HibernateTemplate.execute(HibernateTemplate.java:339)
	at org.springframework.orm.hibernate3.LocalSessionFactoryBean.updateDatabaseSchema(LocalSessionFactoryBean.java:935)
	at org.springframework.orm.hibernate3.LocalSessionFactoryBean.afterSessionFactoryCreation(LocalSessionFactoryBean.java:883)
	at org.springframework.orm.hibernate3.AbstractSessionFactoryBean.afterPropertiesSet(AbstractSessionFactoryBean.java:213)
	at org.springframework.beans.factory.support.AbstractAutowireCapableBeanFactory.invokeInitMethods(AbstractAutowireCapableBeanFactory.java:1477)
	at org.springframework.beans.factory.support.AbstractAutowireCapableBeanFactory.initializeBean(AbstractAutowireCapableBeanFactory.java:1417)
	... 56 more
Caused by: org.apache.commons.dbcp.SQLNestedException: Cannot create PoolableConnectionFactory (java.net.ConnectException: Connection refused: connect)
	at org.apache.commons.dbcp.BasicDataSource.createPoolableConnectionFactory(BasicDataSource.java:1549)
	at org.apache.commons.dbcp.BasicDataSource.createDataSource(BasicDataSource.java:1388)
	at org.apache.commons.dbcp.BasicDataSource.getConnection(BasicDataSource.java:1044)
	at org.springframework.orm.hibernate3.LocalDataSourceConnectionProvider.getConnection(LocalDataSourceConnectionProvider.java:81)
	at org.hibernate.jdbc.ConnectionManager.openConnection(ConnectionManager.java:446)
	at org.hibernate.jdbc.ConnectionManager.getConnection(ConnectionManager.java:167)
	at org.hibernate.jdbc.BorrowedConnectionProxy.invoke(BorrowedConnectionProxy.java:74)
	at com.sun.proxy.$Proxy24.getMetaData(Unknown Source)
	at org.hibernate.tool.hbm2ddl.DatabaseMetadata.&lt;init&gt;(DatabaseMetadata.java:67)
	at org.hibernate.tool.hbm2ddl.DatabaseMetadata.&lt;init&gt;(DatabaseMetadata.java:62)
	at org.springframework.orm.hibernate3.LocalSessionFactoryBean$1.doInHibernate(LocalSessionFactoryBean.java:940)
	at org.springframework.orm.hibernate3.HibernateTemplate.doExecute(HibernateTemplate.java:406)
	... 62 more
Caused by: java.sql.SQLTransientConnectionException: java.net.ConnectException: Connection refused: connect
	at org.hsqldb.jdbc.Util.sqlException(Unknown Source)
	at org.hsqldb.jdbc.Util.sqlException(Unknown Source)
	at org.hsqldb.jdbc.JDBCConnection.&lt;init&gt;(Unknown Source)
	at org.hsqldb.jdbc.JDBCDriver.getConnection(Unknown Source)
	at org.hsqldb.jdbc.JDBCDriver.connect(Unknown Source)
	at org.apache.commons.dbcp.DriverConnectionFactory.createConnection(DriverConnectionFactory.java:38)
	at org.apache.commons.dbcp.PoolableConnectionFactory.makeObject(PoolableConnectionFactory.java:582)
	at org.apache.commons.dbcp.BasicDataSource.validateConnectionFactory(BasicDataSource.java:1556)
	at org.apache.commons.dbcp.BasicDataSource.createPoolableConnectionFactory(BasicDataSource.java:1545)
	... 73 more
Caused by: org.hsqldb.HsqlException: java.net.ConnectException: Connection refused: connect
	at org.hsqldb.ClientConnection.openConnection(Unknown Source)
	at org.hsqldb.ClientConnection.initConnection(Unknown Source)
	at org.hsqldb.ClientConnection.&lt;init&gt;(Unknown Source)
	... 80 more
Caused by: java.net.ConnectException: Connection refused: connect
	at java.net.DualStackPlainSocketImpl.connect0(Native Method)
	at java.net.DualStackPlainSocketImpl.socketConnect(Unknown Source)
	at java.net.AbstractPlainSocketImpl.doConnect(Unknown Source)
	at java.net.AbstractPlainSocketImpl.connectToAddress(Unknown Source)
	at java.net.AbstractPlainSocketImpl.connect(Unknown Source)
	at java.net.PlainSocketImpl.connect(Unknown Source)
	at java.net.SocksSocketImpl.connect(Unknown Source)
	at java.net.Socket.connect(Unknown Source)
	at java.net.Socket.connect(Unknown Source)
	at java.net.Socket.&lt;init&gt;(Unknown Source)
	at java.net.Socket.&lt;init&gt;(Unknown Source)
	at org.hsqldb.server.HsqlSocketFactory.createSocket(Unknown Source)
	... 83 more
</error>
    <system-out>2017-01-25 20:30:02,994 INFO  [Version]  - Hibernate Commons Annotations 3.2.0.Final
2017-01-25 20:30:03,023 INFO  [Environment]  - Hibernate 3.6.6.Final
2017-01-25 20:30:03,025 INFO  [Environment]  - hibernate.properties not found
2017-01-25 20:30:03,027 INFO  [Environment]  - Bytecode provider name : javassist
2017-01-25 20:30:03,029 INFO  [Environment]  - using JDK 1.4 java.sql.Timestamp handling
2017-01-25 20:30:03,119 INFO  [AnnotationBinder]  - Binding entity from annotated class: Transport.domain.Car
2017-01-25 20:30:03,132 INFO  [QueryBinder]  - Binding Named query: car.all =&gt; select b from Car b
2017-01-25 20:30:03,132 INFO  [QueryBinder]  - Binding Named query: car.byName =&gt; select b from Car b where b.name like :name 
2017-01-25 20:30:03,132 INFO  [QueryBinder]  - Binding Named query: car.byYear =&gt; select a from Car a where a.year&gt;:year
2017-01-25 20:30:03,147 INFO  [EntityBinder]  - Bind entity Transport.domain.Car on table Car
2017-01-25 20:30:03,210 INFO  [AnnotationBinder]  - Binding entity from annotated class: Transport.domain.Run
2017-01-25 20:30:03,210 INFO  [QueryBinder]  - Binding Named query: run.all =&gt; Select t from Run t
2017-01-25 20:30:03,211 INFO  [QueryBinder]  - Binding Named query: run.byDescript =&gt; select t from Run t where t.descript=:descript
2017-01-25 20:30:03,211 INFO  [QueryBinder]  - Binding Named query: run.byCar =&gt; select a from Run a where a.cars=:cars
2017-01-25 20:30:03,211 INFO  [EntityBinder]  - Bind entity Transport.domain.Run on table Run
2017-01-25 20:30:03,223 INFO  [CollectionBinder]  - Mapping collection: Transport.domain.Car.runs -&gt; Run
2017-01-25 20:30:03,227 INFO  [Configuration]  - Hibernate Validator not found: ignoring
2017-01-25 20:30:03,231 INFO  [HibernateSearchEventListenerRegister]  - Unable to find org.hibernate.search.event.FullTextIndexEventListener on the classpath. Hibernate Search is not enabled.
2017-01-25 20:30:03,236 INFO  [ConnectionProviderFactory]  - Initializing connection provider: org.springframework.orm.hibernate3.LocalDataSourceConnectionProvider
2017-01-25 20:30:04,316 WARN  [JDBCExceptionReporter]  - SQL Error: 0, SQLState: null
2017-01-25 20:30:04,317 ERROR [JDBCExceptionReporter]  - Cannot create PoolableConnectionFactory (java.net.ConnectException: Connection refused: connect)
2017-01-25 20:30:04,318 WARN  [SettingsFactory]  - Could not obtain connection to query metadata
org.apache.commons.dbcp.SQLNestedException: Cannot create PoolableConnectionFactory (java.net.ConnectException: Connection refused: connect)
	at org.apache.commons.dbcp.BasicDataSource.createPoolableConnectionFactory(BasicDataSource.java:1549)
	at org.apache.commons.dbcp.BasicDataSource.createDataSource(BasicDataSource.java:1388)
	at org.apache.commons.dbcp.BasicDataSource.getConnection(BasicDataSource.java:1044)
	at org.springframework.orm.hibernate3.LocalDataSourceConnectionProvider.getConnection(LocalDataSourceConnectionProvider.java:81)
	at org.hibernate.cfg.SettingsFactory.buildSettings(SettingsFactory.java:113)
	at org.hibernate.cfg.Configuration.buildSettingsInternal(Configuration.java:2863)
	at org.hibernate.cfg.Configuration.buildSettings(Configuration.java:2859)
	at org.hibernate.cfg.Configuration.buildSessionFactory(Configuration.java:1870)
	at org.springframework.orm.hibernate3.LocalSessionFactoryBean.newSessionFactory(LocalSessionFactoryBean.java:860)
	at org.springframework.orm.hibernate3.LocalSessionFactoryBean.buildSessionFactory(LocalSessionFactoryBean.java:779)
	at org.springframework.orm.hibernate3.AbstractSessionFactoryBean.afterPropertiesSet(AbstractSessionFactoryBean.java:211)
	at org.springframework.beans.factory.support.AbstractAutowireCapableBeanFactory.invokeInitMethods(AbstractAutowireCapableBeanFactory.java:1477)
	at org.springframework.beans.factory.support.AbstractAutowireCapableBeanFactory.initializeBean(AbstractAutowireCapableBeanFactory.java:1417)
	at org.springframework.beans.factory.support.AbstractAutowireCapableBeanFactory.doCreateBean(AbstractAutowireCapableBeanFactory.java:519)
	at org.springframework.beans.factory.support.AbstractAutowireCapableBeanFactory.createBean(AbstractAutowireCapableBeanFactory.java:456)
	at org.springframework.beans.factory.support.AbstractBeanFactory$1.getObject(AbstractBeanFactory.java:293)
	at org.springframework.beans.factory.support.DefaultSingletonBeanRegistry.getSingleton(DefaultSingletonBeanRegistry.java:222)
	at org.springframework.beans.factory.support.AbstractBeanFactory.doGetBean(AbstractBeanFactory.java:290)
	at org.springframework.beans.factory.support.AbstractBeanFactory.getBean(AbstractBeanFactory.java:192)
	at org.springframework.beans.factory.support.DefaultListableBeanFactory.findAutowireCandidates(DefaultListableBeanFactory.java:848)
	at org.springframework.beans.factory.support.DefaultListableBeanFactory.doResolveDependency(DefaultListableBeanFactory.java:790)
	at org.springframework.beans.factory.support.DefaultListableBeanFactory.resolveDependency(DefaultListableBeanFactory.java:707)
	at org.springframework.beans.factory.annotation.AutowiredAnnotationBeanPostProcessor$AutowiredFieldElement.inject(AutowiredAnnotationBeanPostProcessor.java:480)
	at org.springframework.beans.factory.annotation.InjectionMetadata.inject(InjectionMetadata.java:84)
	at org.springframework.beans.factory.annotation.AutowiredAnnotationBeanPostProcessor.postProcessPropertyValues(AutowiredAnnotationBeanPostProcessor.java:285)
	at org.springframework.beans.factory.support.AbstractAutowireCapableBeanFactory.populateBean(AbstractAutowireCapableBeanFactory.java:1074)
	at org.springframework.beans.factory.support.AbstractAutowireCapableBeanFactory.doCreateBean(AbstractAutowireCapableBeanFactory.java:517)
	at org.springframework.beans.factory.support.AbstractAutowireCapableBeanFactory.createBean(AbstractAutowireCapableBeanFactory.java:456)
	at org.springframework.beans.factory.support.AbstractBeanFactory$1.getObject(AbstractBeanFactory.java:293)
	at org.springframework.beans.factory.support.DefaultSingletonBeanRegistry.getSingleton(DefaultSingletonBeanRegistry.java:222)
	at org.springframework.beans.factory.support.AbstractBeanFactory.doGetBean(AbstractBeanFactory.java:290)
	at org.springframework.beans.factory.support.AbstractBeanFactory.getBean(AbstractBeanFactory.java:192)
	at org.springframework.beans.factory.support.DefaultListableBeanFactory.preInstantiateSingletons(DefaultListableBeanFactory.java:585)
	at org.springframework.context.support.AbstractApplicationContext.finishBeanFactoryInitialization(AbstractApplicationContext.java:895)
	at org.springframework.context.support.AbstractApplicationContext.refresh(AbstractApplicationContext.java:425)
	at org.springframework.test.context.support.AbstractGenericContextLoader.loadContext(AbstractGenericContextLoader.java:84)
	at org.springframework.test.context.support.AbstractGenericContextLoader.loadContext(AbstractGenericContextLoader.java:1)
	at org.springframework.test.context.TestContext.loadApplicationContext(TestContext.java:280)
	at org.springframework.test.context.TestContext.getApplicationContext(TestContext.java:304)
	at org.springframework.test.context.support.DependencyInjectionTestExecutionListener.injectDependencies(DependencyInjectionTestExecutionListener.java:109)
	at org.springframework.test.context.support.DependencyInjectionTestExecutionListener.prepareTestInstance(DependencyInjectionTestExecutionListener.java:75)
	at org.springframework.test.context.TestContextManager.prepareTestInstance(TestContextManager.java:321)
	at org.springframework.test.context.junit4.SpringJUnit4ClassRunner.createTest(SpringJUnit4ClassRunner.java:211)
	at org.springframework.test.context.junit4.SpringJUnit4ClassRunner$1.runReflectiveCall(SpringJUnit4ClassRunner.java:287)
	at org.junit.internal.runners.model.ReflectiveCallable.run(ReflectiveCallable.java:15)
	at org.springframework.test.context.junit4.SpringJUnit4ClassRunner.methodBlock(SpringJUnit4ClassRunner.java:289)
	at org.springframework.test.context.junit4.SpringJUnit4ClassRunner.runChild(SpringJUnit4ClassRunner.java:231)
	at org.junit.runners.BlockJUnit4ClassRunner.runChild(BlockJUnit4ClassRunner.java:48)
	at org.junit.runners.ParentRunner$3.run(ParentRunner.java:231)
	at org.junit.runners.ParentRunner$1.schedule(ParentRunner.java:60)
	at org.junit.runners.ParentRunner.runChildren(ParentRunner.java:229)
	at org.junit.runners.ParentRunner.access$000(ParentRunner.java:50)
	at org.junit.runners.ParentRunner$2.evaluate(ParentRunner.java:222)
	at org.springframework.test.context.junit4.statements.RunBeforeTestClassCallbacks.evaluate(RunBeforeTestClassCallbacks.java:61)
	at org.springframework.test.context.junit4.statements.RunAfterTestClassCallbacks.evaluate(RunAfterTestClassCallbacks.java:70)
	at org.junit.runners.ParentRunner.run(ParentRunner.java:292)
	at org.springframework.test.context.junit4.SpringJUnit4ClassRunner.run(SpringJUnit4ClassRunner.java:174)
	at org.apache.maven.surefire.junit4.JUnit4Provider.execute(JUnit4Provider.java:252)
	at org.apache.maven.surefire.junit4.JUnit4Provider.executeTestSet(JUnit4Provider.java:141)
	at org.apache.maven.surefire.junit4.JUnit4Provider.invoke(JUnit4Provider.java:112)
	at sun.reflect.NativeMethodAccessorImpl.invoke0(Native Method)
	at sun.reflect.NativeMethodAccessorImpl.invoke(Unknown Source)
	at sun.reflect.DelegatingMethodAccessorImpl.invoke(Unknown Source)
	at java.lang.reflect.Method.invoke(Unknown Source)
	at org.apache.maven.surefire.util.ReflectionUtils.invokeMethodWithArray(ReflectionUtils.java:189)
	at org.apache.maven.surefire.booter.ProviderFactory$ProviderProxy.invoke(ProviderFactory.java:165)
	at org.apache.maven.surefire.booter.ProviderFactory.invokeProvider(ProviderFactory.java:85)
	at org.apache.maven.surefire.booter.ForkedBooter.runSuitesInProcess(ForkedBooter.java:115)
	at org.apache.maven.surefire.booter.ForkedBooter.main(ForkedBooter.java:75)
Caused by: java.sql.SQLTransientConnectionException: java.net.ConnectException: Connection refused: connect
	at org.hsqldb.jdbc.Util.sqlException(Unknown Source)
	at org.hsqldb.jdbc.Util.sqlException(Unknown Source)
	at org.hsqldb.jdbc.JDBCConnection.&lt;init&gt;(Unknown Source)
	at org.hsqldb.jdbc.JDBCDriver.getConnection(Unknown Source)
	at org.hsqldb.jdbc.JDBCDriver.connect(Unknown Source)
	at org.apache.commons.dbcp.DriverConnectionFactory.createConnection(DriverConnectionFactory.java:38)
	at org.apache.commons.dbcp.PoolableConnectionFactory.makeObject(PoolableConnectionFactory.java:582)
	at org.apache.commons.dbcp.BasicDataSource.validateConnectionFactory(BasicDataSource.java:1556)
	at org.apache.commons.dbcp.BasicDataSource.createPoolableConnectionFactory(BasicDataSource.java:1545)
	... 68 more
Caused by: org.hsqldb.HsqlException: java.net.ConnectException: Connection refused: connect
	at org.hsqldb.ClientConnection.openConnection(Unknown Source)
	at org.hsqldb.ClientConnection.initConnection(Unknown Source)
	at org.hsqldb.ClientConnection.&lt;init&gt;(Unknown Source)
	... 75 more
Caused by: java.net.ConnectException: Connection refused: connect
	at java.net.DualStackPlainSocketImpl.connect0(Native Method)
	at java.net.DualStackPlainSocketImpl.socketConnect(Unknown Source)
	at java.net.AbstractPlainSocketImpl.doConnect(Unknown Source)
	at java.net.AbstractPlainSocketImpl.connectToAddress(Unknown Source)
	at java.net.AbstractPlainSocketImpl.connect(Unknown Source)
	at java.net.PlainSocketImpl.connect(Unknown Source)
	at java.net.SocksSocketImpl.connect(Unknown Source)
	at java.net.Socket.connect(Unknown Source)
	at java.net.Socket.connect(Unknown Source)
	at java.net.Socket.&lt;init&gt;(Unknown Source)
	at java.net.Socket.&lt;init&gt;(Unknown Source)
	at org.hsqldb.server.HsqlSocketFactory.createSocket(Unknown Source)
	... 78 more
2017-01-25 20:30:04,345 INFO  [Dialect]  - Using dialect: org.hibernate.dialect.HSQLDialect
2017-01-25 20:30:04,355 INFO  [JdbcSupportLoader]  - Disabling contextual LOB creation as connection was null
2017-01-25 20:30:04,356 INFO  [TransactionFactoryFactory]  - Transaction strategy: org.springframework.orm.hibernate3.SpringTransactionFactory
2017-01-25 20:30:04,356 INFO  [TransactionManagerLookupFactory]  - No TransactionManagerLookup configured (in JTA environment, use of read-write or transactional second-level cache is not recommended)
2017-01-25 20:30:04,356 INFO  [SettingsFactory]  - Automatic flush during beforeCompletion(): disabled
2017-01-25 20:30:04,356 INFO  [SettingsFactory]  - Automatic session close at end of transaction: disabled
2017-01-25 20:30:04,357 INFO  [SettingsFactory]  - Scrollable result sets: disabled
2017-01-25 20:30:04,357 INFO  [SettingsFactory]  - JDBC3 getGeneratedKeys(): disabled
2017-01-25 20:30:04,357 INFO  [SettingsFactory]  - Connection release mode: auto
2017-01-25 20:30:04,357 INFO  [SettingsFactory]  - Default batch fetch size: 1
2017-01-25 20:30:04,357 INFO  [SettingsFactory]  - Generate SQL with comments: disabled
2017-01-25 20:30:04,358 INFO  [SettingsFactory]  - Order SQL updates by primary key: disabled
2017-01-25 20:30:04,358 INFO  [SettingsFactory]  - Order SQL inserts for batching: disabled
2017-01-25 20:30:04,358 INFO  [SettingsFactory]  - Query translator: org.hibernate.hql.ast.ASTQueryTranslatorFactory
2017-01-25 20:30:04,359 INFO  [ASTQueryTranslatorFactory]  - Using ASTQueryTranslatorFactory
2017-01-25 20:30:04,362 INFO  [SettingsFactory]  - Query language substitutions: {}
2017-01-25 20:30:04,362 INFO  [SettingsFactory]  - JPA-QL strict compliance: disabled
2017-01-25 20:30:04,362 INFO  [SettingsFactory]  - Second-level cache: enabled
2017-01-25 20:30:04,362 INFO  [SettingsFactory]  - Query cache: disabled
2017-01-25 20:30:04,362 INFO  [SettingsFactory]  - Cache region factory : org.hibernate.cache.impl.NoCachingRegionFactory
2017-01-25 20:30:04,363 INFO  [SettingsFactory]  - Optimize cache for minimal puts: disabled
2017-01-25 20:30:04,363 INFO  [SettingsFactory]  - Structured second-level cache entries: disabled
2017-01-25 20:30:04,365 INFO  [SettingsFactory]  - Echoing all SQL to stdout
2017-01-25 20:30:04,365 INFO  [SettingsFactory]  - Statistics: disabled
2017-01-25 20:30:04,366 INFO  [SettingsFactory]  - Deleted entity synthetic identifier rollback: disabled
2017-01-25 20:30:04,366 INFO  [SettingsFactory]  - Default entity-mode: pojo
2017-01-25 20:30:04,366 INFO  [SettingsFactory]  - Named query checking : enabled
2017-01-25 20:30:04,366 INFO  [SettingsFactory]  - Check Nullability in Core (should be disabled when Bean Validation is on): enabled
2017-01-25 20:30:04,380 INFO  [SessionFactoryImpl]  - building session factory
2017-01-25 20:30:04,384 INFO  [BasicTypeRegistry]  - Type registration [wrapper_characters_clob] overrides previous : org.hibernate.type.CharacterArrayClobType@63d2fe
2017-01-25 20:30:04,384 INFO  [BasicTypeRegistry]  - Type registration [blob] overrides previous : org.hibernate.type.BlobType@187bc24
2017-01-25 20:30:04,384 INFO  [BasicTypeRegistry]  - Type registration [java.sql.Blob] overrides previous : org.hibernate.type.BlobType@187bc24
2017-01-25 20:30:04,384 INFO  [BasicTypeRegistry]  - Type registration [clob] overrides previous : org.hibernate.type.ClobType@144d57e
2017-01-25 20:30:04,384 INFO  [BasicTypeRegistry]  - Type registration [java.sql.Clob] overrides previous : org.hibernate.type.ClobType@144d57e
2017-01-25 20:30:04,384 INFO  [BasicTypeRegistry]  - Type registration [characters_clob] overrides previous : org.hibernate.type.PrimitiveCharacterArrayClobType@1c53a33
2017-01-25 20:30:04,384 INFO  [BasicTypeRegistry]  - Type registration [wrapper_materialized_blob] overrides previous : org.hibernate.type.WrappedMaterializedBlobType@1b7f657
2017-01-25 20:30:04,384 INFO  [BasicTypeRegistry]  - Type registration [materialized_clob] overrides previous : org.hibernate.type.MaterializedClobType@17b0699
2017-01-25 20:30:04,384 INFO  [BasicTypeRegistry]  - Type registration [materialized_blob] overrides previous : org.hibernate.type.MaterializedBlobType@37d3ed
2017-01-25 20:30:04,649 INFO  [SessionFactoryObjectFactory]  - Not binding factory to JNDI, no JNDI name configured
2017-01-25 20:30:04,834 INFO  [Dialect]  - Using dialect: org.hibernate.dialect.HSQLDialect
2017-01-25 20:30:05,836 WARN  [JDBCExceptionReporter]  - SQL Error: 0, SQLState: null
2017-01-25 20:30:05,836 ERROR [JDBCExceptionReporter]  - Cannot create PoolableConnectionFactory (java.net.ConnectException: Connection refused: connect)
2017-01-25 20:30:05,838 WARN  [JDBCExceptionReporter]  - SQL Error: 0, SQLState: null
2017-01-25 20:30:05,838 ERROR [JDBCExceptionReporter]  - Cannot create PoolableConnectionFactory (java.net.ConnectException: Connection refused: connect)
2017-01-25 20:30:06,910 ERROR [TestContextManager]  - Caught exception while allowing TestExecutionListener [org.springframework.test.context.support.DependencyInjectionTestExecutionListener@b12f8a] to prepare test instance [Transport.service.TransManagerTest@84a8e1]
java.lang.IllegalStateException: Failed to load ApplicationContext
	at org.springframework.test.context.TestContext.getApplicationContext(TestContext.java:308)
	at org.springframework.test.context.support.DependencyInjectionTestExecutionListener.injectDependencies(DependencyInjectionTestExecutionListener.java:109)
	at org.springframework.test.context.support.DependencyInjectionTestExecutionListener.prepareTestInstance(DependencyInjectionTestExecutionListener.java:75)
	at org.springframework.test.context.TestContextManager.prepareTestInstance(TestContextManager.java:321)
	at org.springframework.test.context.junit4.SpringJUnit4ClassRunner.createTest(SpringJUnit4ClassRunner.java:211)
	at org.springframework.test.context.junit4.SpringJUnit4ClassRunner$1.runReflectiveCall(SpringJUnit4ClassRunner.java:287)
	at org.junit.internal.runners.model.ReflectiveCallable.run(ReflectiveCallable.java:15)
	at org.springframework.test.context.junit4.SpringJUnit4ClassRunner.methodBlock(SpringJUnit4ClassRunner.java:289)
	at org.springframework.test.context.junit4.SpringJUnit4ClassRunner.runChild(SpringJUnit4ClassRunner.java:231)
	at org.junit.runners.BlockJUnit4ClassRunner.runChild(BlockJUnit4ClassRunner.java:48)
	at org.junit.runners.ParentRunner$3.run(ParentRunner.java:231)
	at org.junit.runners.ParentRunner$1.schedule(ParentRunner.java:60)
	at org.junit.runners.ParentRunner.runChildren(ParentRunner.java:229)
	at org.junit.runners.ParentRunner.access$000(ParentRunner.java:50)
	at org.junit.runners.ParentRunner$2.evaluate(ParentRunner.java:222)
	at org.springframework.test.context.junit4.statements.RunBeforeTestClassCallbacks.evaluate(RunBeforeTestClassCallbacks.java:61)
	at org.springframework.test.context.junit4.statements.RunAfterTestClassCallbacks.evaluate(RunAfterTestClassCallbacks.java:70)
	at org.junit.runners.ParentRunner.run(ParentRunner.java:292)
	at org.springframework.test.context.junit4.SpringJUnit4ClassRunner.run(SpringJUnit4ClassRunner.java:174)
	at org.apache.maven.surefire.junit4.JUnit4Provider.execute(JUnit4Provider.java:252)
	at org.apache.maven.surefire.junit4.JUnit4Provider.executeTestSet(JUnit4Provider.java:141)
	at org.apache.maven.surefire.junit4.JUnit4Provider.invoke(JUnit4Provider.java:112)
	at sun.reflect.NativeMethodAccessorImpl.invoke0(Native Method)
	at sun.reflect.NativeMethodAccessorImpl.invoke(Unknown Source)
	at sun.reflect.DelegatingMethodAccessorImpl.invoke(Unknown Source)
	at java.lang.reflect.Method.invoke(Unknown Source)
	at org.apache.maven.surefire.util.ReflectionUtils.invokeMethodWithArray(ReflectionUtils.java:189)
	at org.apache.maven.surefire.booter.ProviderFactory$ProviderProxy.invoke(ProviderFactory.java:165)
	at org.apache.maven.surefire.booter.ProviderFactory.invokeProvider(ProviderFactory.java:85)
	at org.apache.maven.surefire.booter.ForkedBooter.runSuitesInProcess(ForkedBooter.java:115)
	at org.apache.maven.surefire.booter.ForkedBooter.main(ForkedBooter.java:75)
Caused by: org.springframework.beans.factory.BeanCreationException: Error creating bean with name &apos;transMangerHibernateImpl&apos;: Injection of autowired dependencies failed; nested exception is org.springframework.beans.factory.BeanCreationException: Could not autowire field: private org.hibernate.SessionFactory Transport.service.TransMangerHibernateImpl.sessionFactory; nested exception is org.springframework.beans.factory.BeanCreationException: Error creating bean with name &apos;hibernateSessionFactory&apos; defined in class path resource [beans.xml]: Invocation of init method failed; nested exception is org.springframework.jdbc.UncategorizedSQLException: Hibernate operation: Cannot open connection; uncategorized SQLException for SQL [???]; SQL state [null]; error code [0]; Cannot create PoolableConnectionFactory (java.net.ConnectException: Connection refused: connect); nested exception is org.apache.commons.dbcp.SQLNestedException: Cannot create PoolableConnectionFactory (java.net.ConnectException: Connection refused: connect)
	at org.springframework.beans.factory.annotation.AutowiredAnnotationBeanPostProcessor.postProcessPropertyValues(AutowiredAnnotationBeanPostProcessor.java:288)
	at org.springframework.beans.factory.support.AbstractAutowireCapableBeanFactory.populateBean(AbstractAutowireCapableBeanFactory.java:1074)
	at org.springframework.beans.factory.support.AbstractAutowireCapableBeanFactory.doCreateBean(AbstractAutowireCapableBeanFactory.java:517)
	at org.springframework.beans.factory.support.AbstractAutowireCapableBeanFactory.createBean(AbstractAutowireCapableBeanFactory.java:456)
	at org.springframework.beans.factory.support.AbstractBeanFactory$1.getObject(AbstractBeanFactory.java:293)
	at org.springframework.beans.factory.support.DefaultSingletonBeanRegistry.getSingleton(DefaultSingletonBeanRegistry.java:222)
	at org.springframework.beans.factory.support.AbstractBeanFactory.doGetBean(AbstractBeanFactory.java:290)
	at org.springframework.beans.factory.support.AbstractBeanFactory.getBean(AbstractBeanFactory.java:192)
	at org.springframework.beans.factory.support.DefaultListableBeanFactory.preInstantiateSingletons(DefaultListableBeanFactory.java:585)
	at org.springframework.context.support.AbstractApplicationContext.finishBeanFactoryInitialization(AbstractApplicationContext.java:895)
	at org.springframework.context.support.AbstractApplicationContext.refresh(AbstractApplicationContext.java:425)
	at org.springframework.test.context.support.AbstractGenericContextLoader.loadContext(AbstractGenericContextLoader.java:84)
	at org.springframework.test.context.support.AbstractGenericContextLoader.loadContext(AbstractGenericContextLoader.java:1)
	at org.springframework.test.context.TestContext.loadApplicationContext(TestContext.java:280)
	at org.springframework.test.context.TestContext.getApplicationContext(TestContext.java:304)
	... 30 more
Caused by: org.springframework.beans.factory.BeanCreationException: Could not autowire field: private org.hibernate.SessionFactory Transport.service.TransMangerHibernateImpl.sessionFactory; nested exception is org.springframework.beans.factory.BeanCreationException: Error creating bean with name &apos;hibernateSessionFactory&apos; defined in class path resource [beans.xml]: Invocation of init method failed; nested exception is org.springframework.jdbc.UncategorizedSQLException: Hibernate operation: Cannot open connection; uncategorized SQLException for SQL [???]; SQL state [null]; error code [0]; Cannot create PoolableConnectionFactory (java.net.ConnectException: Connection refused: connect); nested exception is org.apache.commons.dbcp.SQLNestedException: Cannot create PoolableConnectionFactory (java.net.ConnectException: Connection refused: connect)
	at org.springframework.beans.factory.annotation.AutowiredAnnotationBeanPostProcessor$AutowiredFieldElement.inject(AutowiredAnnotationBeanPostProcessor.java:508)
	at org.springframework.beans.factory.annotation.InjectionMetadata.inject(InjectionMetadata.java:84)
	at org.springframework.beans.factory.annotation.AutowiredAnnotationBeanPostProcessor.postProcessPropertyValues(AutowiredAnnotationBeanPostProcessor.java:285)
	... 44 more
Caused by: org.springframework.beans.factory.BeanCreationException: Error creating bean with name &apos;hibernateSessionFactory&apos; defined in class path resource [beans.xml]: Invocation of init method failed; nested exception is org.springframework.jdbc.UncategorizedSQLException: Hibernate operation: Cannot open connection; uncategorized SQLException for SQL [???]; SQL state [null]; error code [0]; Cannot create PoolableConnectionFactory (java.net.ConnectException: Connection refused: connect); nested exception is org.apache.commons.dbcp.SQLNestedException: Cannot create PoolableConnectionFactory (java.net.ConnectException: Connection refused: connect)
	at org.springframework.beans.factory.support.AbstractAutowireCapableBeanFactory.initializeBean(AbstractAutowireCapableBeanFactory.java:1420)
	at org.springframework.beans.factory.support.AbstractAutowireCapableBeanFactory.doCreateBean(AbstractAutowireCapableBeanFactory.java:519)
	at org.springframework.beans.factory.support.AbstractAutowireCapableBeanFactory.createBean(AbstractAutowireCapableBeanFactory.java:456)
	at org.springframework.beans.factory.support.AbstractBeanFactory$1.getObject(AbstractBeanFactory.java:293)
	at org.springframework.beans.factory.support.DefaultSingletonBeanRegistry.getSingleton(DefaultSingletonBeanRegistry.java:222)
	at org.springframework.beans.factory.support.AbstractBeanFactory.doGetBean(AbstractBeanFactory.java:290)
	at org.springframework.beans.factory.support.AbstractBeanFactory.getBean(AbstractBeanFactory.java:192)
	at org.springframework.beans.factory.support.DefaultListableBeanFactory.findAutowireCandidates(DefaultListableBeanFactory.java:848)
	at org.springframework.beans.factory.support.DefaultListableBeanFactory.doResolveDependency(DefaultListableBeanFactory.java:790)
	at org.springframework.beans.factory.support.DefaultListableBeanFactory.resolveDependency(DefaultListableBeanFactory.java:707)
	at org.springframework.beans.factory.annotation.AutowiredAnnotationBeanPostProcessor$AutowiredFieldElement.inject(AutowiredAnnotationBeanPostProcessor.java:480)
	... 46 more
Caused by: org.springframework.jdbc.UncategorizedSQLException: Hibernate operation: Cannot open connection; uncategorized SQLException for SQL [???]; SQL state [null]; error code [0]; Cannot create PoolableConnectionFactory (java.net.ConnectException: Connection refused: connect); nested exception is org.apache.commons.dbcp.SQLNestedException: Cannot create PoolableConnectionFactory (java.net.ConnectException: Connection refused: connect)
	at org.springframework.jdbc.support.AbstractFallbackSQLExceptionTranslator.translate(AbstractFallbackSQLExceptionTranslator.java:83)
	at org.springframework.jdbc.support.AbstractFallbackSQLExceptionTranslator.translate(AbstractFallbackSQLExceptionTranslator.java:80)
	at org.springframework.orm.hibernate3.HibernateAccessor.convertJdbcAccessException(HibernateAccessor.java:424)
	at org.springframework.orm.hibernate3.HibernateAccessor.convertHibernateAccessException(HibernateAccessor.java:410)
	at org.springframework.orm.hibernate3.HibernateTemplate.doExecute(HibernateTemplate.java:411)
	at org.springframework.orm.hibernate3.HibernateTemplate.execute(HibernateTemplate.java:339)
	at org.springframework.orm.hibernate3.LocalSessionFactoryBean.updateDatabaseSchema(LocalSessionFactoryBean.java:935)
	at org.springframework.orm.hibernate3.LocalSessionFactoryBean.afterSessionFactoryCreation(LocalSessionFactoryBean.java:883)
	at org.springframework.orm.hibernate3.AbstractSessionFactoryBean.afterPropertiesSet(AbstractSessionFactoryBean.java:213)
	at org.springframework.beans.factory.support.AbstractAutowireCapableBeanFactory.invokeInitMethods(AbstractAutowireCapableBeanFactory.java:1477)
	at org.springframework.beans.factory.support.AbstractAutowireCapableBeanFactory.initializeBean(AbstractAutowireCapableBeanFactory.java:1417)
	... 56 more
Caused by: org.apache.commons.dbcp.SQLNestedException: Cannot create PoolableConnectionFactory (java.net.ConnectException: Connection refused: connect)
	at org.apache.commons.dbcp.BasicDataSource.createPoolableConnectionFactory(BasicDataSource.java:1549)
	at org.apache.commons.dbcp.BasicDataSource.createDataSource(BasicDataSource.java:1388)
	at org.apache.commons.dbcp.BasicDataSource.getConnection(BasicDataSource.java:1044)
	at org.springframework.orm.hibernate3.LocalDataSourceConnectionProvider.getConnection(LocalDataSourceConnectionProvider.java:81)
	at org.hibernate.jdbc.ConnectionManager.openConnection(ConnectionManager.java:446)
	at org.hibernate.jdbc.ConnectionManager.getConnection(ConnectionManager.java:167)
	at org.hibernate.jdbc.BorrowedConnectionProxy.invoke(BorrowedConnectionProxy.java:74)
	at com.sun.proxy.$Proxy24.getMetaData(Unknown Source)
	at org.hibernate.tool.hbm2ddl.DatabaseMetadata.&lt;init&gt;(DatabaseMetadata.java:67)
	at org.hibernate.tool.hbm2ddl.DatabaseMetadata.&lt;init&gt;(DatabaseMetadata.java:62)
	at org.springframework.orm.hibernate3.LocalSessionFactoryBean$1.doInHibernate(LocalSessionFactoryBean.java:940)
	at org.springframework.orm.hibernate3.HibernateTemplate.doExecute(HibernateTemplate.java:406)
	... 62 more
Caused by: java.sql.SQLTransientConnectionException: java.net.ConnectException: Connection refused: connect
	at org.hsqldb.jdbc.Util.sqlException(Unknown Source)
	at org.hsqldb.jdbc.Util.sqlException(Unknown Source)
	at org.hsqldb.jdbc.JDBCConnection.&lt;init&gt;(Unknown Source)
	at org.hsqldb.jdbc.JDBCDriver.getConnection(Unknown Source)
	at org.hsqldb.jdbc.JDBCDriver.connect(Unknown Source)
	at org.apache.commons.dbcp.DriverConnectionFactory.createConnection(DriverConnectionFactory.java:38)
	at org.apache.commons.dbcp.PoolableConnectionFactory.makeObject(PoolableConnectionFactory.java:582)
	at org.apache.commons.dbcp.BasicDataSource.validateConnectionFactory(BasicDataSource.java:1556)
	at org.apache.commons.dbcp.BasicDataSource.createPoolableConnectionFactory(BasicDataSource.java:1545)
	... 73 more
Caused by: org.hsqldb.HsqlException: java.net.ConnectException: Connection refused: connect
	at org.hsqldb.ClientConnection.openConnection(Unknown Source)
	at org.hsqldb.ClientConnection.initConnection(Unknown Source)
	at org.hsqldb.ClientConnection.&lt;init&gt;(Unknown Source)
	... 80 more
Caused by: java.net.ConnectException: Connection refused: connect
	at java.net.DualStackPlainSocketImpl.connect0(Native Method)
	at java.net.DualStackPlainSocketImpl.socketConnect(Unknown Source)
	at java.net.AbstractPlainSocketImpl.doConnect(Unknown Source)
	at java.net.AbstractPlainSocketImpl.connectToAddress(Unknown Source)
	at java.net.AbstractPlainSocketImpl.connect(Unknown Source)
	at java.net.PlainSocketImpl.connect(Unknown Source)
	at java.net.SocksSocketImpl.connect(Unknown Source)
	at java.net.Socket.connect(Unknown Source)
	at java.net.Socket.connect(Unknown Source)
	at java.net.Socket.&lt;init&gt;(Unknown Source)
	at java.net.Socket.&lt;init&gt;(Unknown Source)
	at org.hsqldb.server.HsqlSocketFactory.createSocket(Unknown Source)
	... 83 more
</system-out>
  </testcase>
  <testcase classname="Transport.service.TransManagerTest" name="addRunCheck" time="3.124">
    <error message="Failed to load ApplicationContext" type="java.lang.IllegalStateException">java.lang.IllegalStateException: Failed to load ApplicationContext
	at org.springframework.test.context.TestContext.getApplicationContext(TestContext.java:308)
	at org.springframework.test.context.support.DependencyInjectionTestExecutionListener.injectDependencies(DependencyInjectionTestExecutionListener.java:109)
	at org.springframework.test.context.support.DependencyInjectionTestExecutionListener.prepareTestInstance(DependencyInjectionTestExecutionListener.java:75)
	at org.springframework.test.context.TestContextManager.prepareTestInstance(TestContextManager.java:321)
	at org.springframework.test.context.junit4.SpringJUnit4ClassRunner.createTest(SpringJUnit4ClassRunner.java:211)
	at org.springframework.test.context.junit4.SpringJUnit4ClassRunner$1.runReflectiveCall(SpringJUnit4ClassRunner.java:287)
	at org.junit.internal.runners.model.ReflectiveCallable.run(ReflectiveCallable.java:15)
	at org.springframework.test.context.junit4.SpringJUnit4ClassRunner.methodBlock(SpringJUnit4ClassRunner.java:289)
	at org.springframework.test.context.junit4.SpringJUnit4ClassRunner.runChild(SpringJUnit4ClassRunner.java:231)
	at org.junit.runners.BlockJUnit4ClassRunner.runChild(BlockJUnit4ClassRunner.java:48)
	at org.junit.runners.ParentRunner$3.run(ParentRunner.java:231)
	at org.junit.runners.ParentRunner$1.schedule(ParentRunner.java:60)
	at org.junit.runners.ParentRunner.runChildren(ParentRunner.java:229)
	at org.junit.runners.ParentRunner.access$000(ParentRunner.java:50)
	at org.junit.runners.ParentRunner$2.evaluate(ParentRunner.java:222)
	at org.springframework.test.context.junit4.statements.RunBeforeTestClassCallbacks.evaluate(RunBeforeTestClassCallbacks.java:61)
	at org.springframework.test.context.junit4.statements.RunAfterTestClassCallbacks.evaluate(RunAfterTestClassCallbacks.java:70)
	at org.junit.runners.ParentRunner.run(ParentRunner.java:292)
	at org.springframework.test.context.junit4.SpringJUnit4ClassRunner.run(SpringJUnit4ClassRunner.java:174)
	at org.apache.maven.surefire.junit4.JUnit4Provider.execute(JUnit4Provider.java:252)
	at org.apache.maven.surefire.junit4.JUnit4Provider.executeTestSet(JUnit4Provider.java:141)
	at org.apache.maven.surefire.junit4.JUnit4Provider.invoke(JUnit4Provider.java:112)
	at sun.reflect.NativeMethodAccessorImpl.invoke0(Native Method)
	at sun.reflect.NativeMethodAccessorImpl.invoke(Unknown Source)
	at sun.reflect.DelegatingMethodAccessorImpl.invoke(Unknown Source)
	at java.lang.reflect.Method.invoke(Unknown Source)
	at org.apache.maven.surefire.util.ReflectionUtils.invokeMethodWithArray(ReflectionUtils.java:189)
	at org.apache.maven.surefire.booter.ProviderFactory$ProviderProxy.invoke(ProviderFactory.java:165)
	at org.apache.maven.surefire.booter.ProviderFactory.invokeProvider(ProviderFactory.java:85)
	at org.apache.maven.surefire.booter.ForkedBooter.runSuitesInProcess(ForkedBooter.java:115)
	at org.apache.maven.surefire.booter.ForkedBooter.main(ForkedBooter.java:75)
Caused by: org.springframework.beans.factory.BeanCreationException: Error creating bean with name &apos;transMangerHibernateImpl&apos;: Injection of autowired dependencies failed; nested exception is org.springframework.beans.factory.BeanCreationException: Could not autowire field: private org.hibernate.SessionFactory Transport.service.TransMangerHibernateImpl.sessionFactory; nested exception is org.springframework.beans.factory.BeanCreationException: Error creating bean with name &apos;hibernateSessionFactory&apos; defined in class path resource [beans.xml]: Invocation of init method failed; nested exception is org.springframework.jdbc.UncategorizedSQLException: Hibernate operation: Cannot open connection; uncategorized SQLException for SQL [???]; SQL state [null]; error code [0]; Cannot create PoolableConnectionFactory (java.net.ConnectException: Connection refused: connect); nested exception is org.apache.commons.dbcp.SQLNestedException: Cannot create PoolableConnectionFactory (java.net.ConnectException: Connection refused: connect)
	at org.springframework.beans.factory.annotation.AutowiredAnnotationBeanPostProcessor.postProcessPropertyValues(AutowiredAnnotationBeanPostProcessor.java:288)
	at org.springframework.beans.factory.support.AbstractAutowireCapableBeanFactory.populateBean(AbstractAutowireCapableBeanFactory.java:1074)
	at org.springframework.beans.factory.support.AbstractAutowireCapableBeanFactory.doCreateBean(AbstractAutowireCapableBeanFactory.java:517)
	at org.springframework.beans.factory.support.AbstractAutowireCapableBeanFactory.createBean(AbstractAutowireCapableBeanFactory.java:456)
	at org.springframework.beans.factory.support.AbstractBeanFactory$1.getObject(AbstractBeanFactory.java:293)
	at org.springframework.beans.factory.support.DefaultSingletonBeanRegistry.getSingleton(DefaultSingletonBeanRegistry.java:222)
	at org.springframework.beans.factory.support.AbstractBeanFactory.doGetBean(AbstractBeanFactory.java:290)
	at org.springframework.beans.factory.support.AbstractBeanFactory.getBean(AbstractBeanFactory.java:192)
	at org.springframework.beans.factory.support.DefaultListableBeanFactory.preInstantiateSingletons(DefaultListableBeanFactory.java:585)
	at org.springframework.context.support.AbstractApplicationContext.finishBeanFactoryInitialization(AbstractApplicationContext.java:895)
	at org.springframework.context.support.AbstractApplicationContext.refresh(AbstractApplicationContext.java:425)
	at org.springframework.test.context.support.AbstractGenericContextLoader.loadContext(AbstractGenericContextLoader.java:84)
	at org.springframework.test.context.support.AbstractGenericContextLoader.loadContext(AbstractGenericContextLoader.java:1)
	at org.springframework.test.context.TestContext.loadApplicationContext(TestContext.java:280)
	at org.springframework.test.context.TestContext.getApplicationContext(TestContext.java:304)
	... 30 more
Caused by: org.springframework.beans.factory.BeanCreationException: Could not autowire field: private org.hibernate.SessionFactory Transport.service.TransMangerHibernateImpl.sessionFactory; nested exception is org.springframework.beans.factory.BeanCreationException: Error creating bean with name &apos;hibernateSessionFactory&apos; defined in class path resource [beans.xml]: Invocation of init method failed; nested exception is org.springframework.jdbc.UncategorizedSQLException: Hibernate operation: Cannot open connection; uncategorized SQLException for SQL [???]; SQL state [null]; error code [0]; Cannot create PoolableConnectionFactory (java.net.ConnectException: Connection refused: connect); nested exception is org.apache.commons.dbcp.SQLNestedException: Cannot create PoolableConnectionFactory (java.net.ConnectException: Connection refused: connect)
	at org.springframework.beans.factory.annotation.AutowiredAnnotationBeanPostProcessor$AutowiredFieldElement.inject(AutowiredAnnotationBeanPostProcessor.java:508)
	at org.springframework.beans.factory.annotation.InjectionMetadata.inject(InjectionMetadata.java:84)
	at org.springframework.beans.factory.annotation.AutowiredAnnotationBeanPostProcessor.postProcessPropertyValues(AutowiredAnnotationBeanPostProcessor.java:285)
	... 44 more
Caused by: org.springframework.beans.factory.BeanCreationException: Error creating bean with name &apos;hibernateSessionFactory&apos; defined in class path resource [beans.xml]: Invocation of init method failed; nested exception is org.springframework.jdbc.UncategorizedSQLException: Hibernate operation: Cannot open connection; uncategorized SQLException for SQL [???]; SQL state [null]; error code [0]; Cannot create PoolableConnectionFactory (java.net.ConnectException: Connection refused: connect); nested exception is org.apache.commons.dbcp.SQLNestedException: Cannot create PoolableConnectionFactory (java.net.ConnectException: Connection refused: connect)
	at org.springframework.beans.factory.support.AbstractAutowireCapableBeanFactory.initializeBean(AbstractAutowireCapableBeanFactory.java:1420)
	at org.springframework.beans.factory.support.AbstractAutowireCapableBeanFactory.doCreateBean(AbstractAutowireCapableBeanFactory.java:519)
	at org.springframework.beans.factory.support.AbstractAutowireCapableBeanFactory.createBean(AbstractAutowireCapableBeanFactory.java:456)
	at org.springframework.beans.factory.support.AbstractBeanFactory$1.getObject(AbstractBeanFactory.java:293)
	at org.springframework.beans.factory.support.DefaultSingletonBeanRegistry.getSingleton(DefaultSingletonBeanRegistry.java:222)
	at org.springframework.beans.factory.support.AbstractBeanFactory.doGetBean(AbstractBeanFactory.java:290)
	at org.springframework.beans.factory.support.AbstractBeanFactory.getBean(AbstractBeanFactory.java:192)
	at org.springframework.beans.factory.support.DefaultListableBeanFactory.findAutowireCandidates(DefaultListableBeanFactory.java:848)
	at org.springframework.beans.factory.support.DefaultListableBeanFactory.doResolveDependency(DefaultListableBeanFactory.java:790)
	at org.springframework.beans.factory.support.DefaultListableBeanFactory.resolveDependency(DefaultListableBeanFactory.java:707)
	at org.springframework.beans.factory.annotation.AutowiredAnnotationBeanPostProcessor$AutowiredFieldElement.inject(AutowiredAnnotationBeanPostProcessor.java:480)
	... 46 more
Caused by: org.springframework.jdbc.UncategorizedSQLException: Hibernate operation: Cannot open connection; uncategorized SQLException for SQL [???]; SQL state [null]; error code [0]; Cannot create PoolableConnectionFactory (java.net.ConnectException: Connection refused: connect); nested exception is org.apache.commons.dbcp.SQLNestedException: Cannot create PoolableConnectionFactory (java.net.ConnectException: Connection refused: connect)
	at org.springframework.jdbc.support.AbstractFallbackSQLExceptionTranslator.translate(AbstractFallbackSQLExceptionTranslator.java:83)
	at org.springframework.jdbc.support.AbstractFallbackSQLExceptionTranslator.translate(AbstractFallbackSQLExceptionTranslator.java:80)
	at org.springframework.orm.hibernate3.HibernateAccessor.convertJdbcAccessException(HibernateAccessor.java:424)
	at org.springframework.orm.hibernate3.HibernateAccessor.convertHibernateAccessException(HibernateAccessor.java:410)
	at org.springframework.orm.hibernate3.HibernateTemplate.doExecute(HibernateTemplate.java:411)
	at org.springframework.orm.hibernate3.HibernateTemplate.execute(HibernateTemplate.java:339)
	at org.springframework.orm.hibernate3.LocalSessionFactoryBean.updateDatabaseSchema(LocalSessionFactoryBean.java:935)
	at org.springframework.orm.hibernate3.LocalSessionFactoryBean.afterSessionFactoryCreation(LocalSessionFactoryBean.java:883)
	at org.springframework.orm.hibernate3.AbstractSessionFactoryBean.afterPropertiesSet(AbstractSessionFactoryBean.java:213)
	at org.springframework.beans.factory.support.AbstractAutowireCapableBeanFactory.invokeInitMethods(AbstractAutowireCapableBeanFactory.java:1477)
	at org.springframework.beans.factory.support.AbstractAutowireCapableBeanFactory.initializeBean(AbstractAutowireCapableBeanFactory.java:1417)
	... 56 more
Caused by: org.apache.commons.dbcp.SQLNestedException: Cannot create PoolableConnectionFactory (java.net.ConnectException: Connection refused: connect)
	at org.apache.commons.dbcp.BasicDataSource.createPoolableConnectionFactory(BasicDataSource.java:1549)
	at org.apache.commons.dbcp.BasicDataSource.createDataSource(BasicDataSource.java:1388)
	at org.apache.commons.dbcp.BasicDataSource.getConnection(BasicDataSource.java:1044)
	at org.springframework.orm.hibernate3.LocalDataSourceConnectionProvider.getConnection(LocalDataSourceConnectionProvider.java:81)
	at org.hibernate.jdbc.ConnectionManager.openConnection(ConnectionManager.java:446)
	at org.hibernate.jdbc.ConnectionManager.getConnection(ConnectionManager.java:167)
	at org.hibernate.jdbc.BorrowedConnectionProxy.invoke(BorrowedConnectionProxy.java:74)
	at com.sun.proxy.$Proxy24.getMetaData(Unknown Source)
	at org.hibernate.tool.hbm2ddl.DatabaseMetadata.&lt;init&gt;(DatabaseMetadata.java:67)
	at org.hibernate.tool.hbm2ddl.DatabaseMetadata.&lt;init&gt;(DatabaseMetadata.java:62)
	at org.springframework.orm.hibernate3.LocalSessionFactoryBean$1.doInHibernate(LocalSessionFactoryBean.java:940)
	at org.springframework.orm.hibernate3.HibernateTemplate.doExecute(HibernateTemplate.java:406)
	... 62 more
Caused by: java.sql.SQLTransientConnectionException: java.net.ConnectException: Connection refused: connect
	at org.hsqldb.jdbc.Util.sqlException(Unknown Source)
	at org.hsqldb.jdbc.Util.sqlException(Unknown Source)
	at org.hsqldb.jdbc.JDBCConnection.&lt;init&gt;(Unknown Source)
	at org.hsqldb.jdbc.JDBCDriver.getConnection(Unknown Source)
	at org.hsqldb.jdbc.JDBCDriver.connect(Unknown Source)
	at org.apache.commons.dbcp.DriverConnectionFactory.createConnection(DriverConnectionFactory.java:38)
	at org.apache.commons.dbcp.PoolableConnectionFactory.makeObject(PoolableConnectionFactory.java:582)
	at org.apache.commons.dbcp.BasicDataSource.validateConnectionFactory(BasicDataSource.java:1556)
	at org.apache.commons.dbcp.BasicDataSource.createPoolableConnectionFactory(BasicDataSource.java:1545)
	... 73 more
Caused by: org.hsqldb.HsqlException: java.net.ConnectException: Connection refused: connect
	at org.hsqldb.ClientConnection.openConnection(Unknown Source)
	at org.hsqldb.ClientConnection.initConnection(Unknown Source)
	at org.hsqldb.ClientConnection.&lt;init&gt;(Unknown Source)
	... 80 more
Caused by: java.net.ConnectException: Connection refused: connect
	at java.net.DualStackPlainSocketImpl.connect0(Native Method)
	at java.net.DualStackPlainSocketImpl.socketConnect(Unknown Source)
	at java.net.AbstractPlainSocketImpl.doConnect(Unknown Source)
	at java.net.AbstractPlainSocketImpl.connectToAddress(Unknown Source)
	at java.net.AbstractPlainSocketImpl.connect(Unknown Source)
	at java.net.PlainSocketImpl.connect(Unknown Source)
	at java.net.SocksSocketImpl.connect(Unknown Source)
	at java.net.Socket.connect(Unknown Source)
	at java.net.Socket.connect(Unknown Source)
	at java.net.Socket.&lt;init&gt;(Unknown Source)
	at java.net.Socket.&lt;init&gt;(Unknown Source)
	at org.hsqldb.server.HsqlSocketFactory.createSocket(Unknown Source)
	... 83 more
</error>
    <system-out>2017-01-25 20:30:06,980 INFO  [AnnotationBinder]  - Binding entity from annotated class: Transport.domain.Car
2017-01-25 20:30:06,980 INFO  [QueryBinder]  - Binding Named query: car.all =&gt; select b from Car b
2017-01-25 20:30:06,980 INFO  [QueryBinder]  - Binding Named query: car.byName =&gt; select b from Car b where b.name like :name 
2017-01-25 20:30:06,980 INFO  [QueryBinder]  - Binding Named query: car.byYear =&gt; select a from Car a where a.year&gt;:year
2017-01-25 20:30:06,980 INFO  [EntityBinder]  - Bind entity Transport.domain.Car on table Car
2017-01-25 20:30:06,982 INFO  [AnnotationBinder]  - Binding entity from annotated class: Transport.domain.Run
2017-01-25 20:30:06,982 INFO  [QueryBinder]  - Binding Named query: run.all =&gt; Select t from Run t
2017-01-25 20:30:06,982 INFO  [QueryBinder]  - Binding Named query: run.byDescript =&gt; select t from Run t where t.descript=:descript
2017-01-25 20:30:06,982 INFO  [QueryBinder]  - Binding Named query: run.byCar =&gt; select a from Run a where a.cars=:cars
2017-01-25 20:30:06,983 INFO  [EntityBinder]  - Bind entity Transport.domain.Run on table Run
2017-01-25 20:30:06,984 INFO  [CollectionBinder]  - Mapping collection: Transport.domain.Car.runs -&gt; Run
2017-01-25 20:30:06,984 INFO  [Configuration]  - Hibernate Validator not found: ignoring
2017-01-25 20:30:06,986 INFO  [HibernateSearchEventListenerRegister]  - Unable to find org.hibernate.search.event.FullTextIndexEventListener on the classpath. Hibernate Search is not enabled.
2017-01-25 20:30:06,987 INFO  [ConnectionProviderFactory]  - Initializing connection provider: org.springframework.orm.hibernate3.LocalDataSourceConnectionProvider
2017-01-25 20:30:07,987 WARN  [JDBCExceptionReporter]  - SQL Error: 0, SQLState: null
2017-01-25 20:30:07,987 ERROR [JDBCExceptionReporter]  - Cannot create PoolableConnectionFactory (java.net.ConnectException: Connection refused: connect)
2017-01-25 20:30:07,987 WARN  [SettingsFactory]  - Could not obtain connection to query metadata
org.apache.commons.dbcp.SQLNestedException: Cannot create PoolableConnectionFactory (java.net.ConnectException: Connection refused: connect)
	at org.apache.commons.dbcp.BasicDataSource.createPoolableConnectionFactory(BasicDataSource.java:1549)
	at org.apache.commons.dbcp.BasicDataSource.createDataSource(BasicDataSource.java:1388)
	at org.apache.commons.dbcp.BasicDataSource.getConnection(BasicDataSource.java:1044)
	at org.springframework.orm.hibernate3.LocalDataSourceConnectionProvider.getConnection(LocalDataSourceConnectionProvider.java:81)
	at org.hibernate.cfg.SettingsFactory.buildSettings(SettingsFactory.java:113)
	at org.hibernate.cfg.Configuration.buildSettingsInternal(Configuration.java:2863)
	at org.hibernate.cfg.Configuration.buildSettings(Configuration.java:2859)
	at org.hibernate.cfg.Configuration.buildSessionFactory(Configuration.java:1870)
	at org.springframework.orm.hibernate3.LocalSessionFactoryBean.newSessionFactory(LocalSessionFactoryBean.java:860)
	at org.springframework.orm.hibernate3.LocalSessionFactoryBean.buildSessionFactory(LocalSessionFactoryBean.java:779)
	at org.springframework.orm.hibernate3.AbstractSessionFactoryBean.afterPropertiesSet(AbstractSessionFactoryBean.java:211)
	at org.springframework.beans.factory.support.AbstractAutowireCapableBeanFactory.invokeInitMethods(AbstractAutowireCapableBeanFactory.java:1477)
	at org.springframework.beans.factory.support.AbstractAutowireCapableBeanFactory.initializeBean(AbstractAutowireCapableBeanFactory.java:1417)
	at org.springframework.beans.factory.support.AbstractAutowireCapableBeanFactory.doCreateBean(AbstractAutowireCapableBeanFactory.java:519)
	at org.springframework.beans.factory.support.AbstractAutowireCapableBeanFactory.createBean(AbstractAutowireCapableBeanFactory.java:456)
	at org.springframework.beans.factory.support.AbstractBeanFactory$1.getObject(AbstractBeanFactory.java:293)
	at org.springframework.beans.factory.support.DefaultSingletonBeanRegistry.getSingleton(DefaultSingletonBeanRegistry.java:222)
	at org.springframework.beans.factory.support.AbstractBeanFactory.doGetBean(AbstractBeanFactory.java:290)
	at org.springframework.beans.factory.support.AbstractBeanFactory.getBean(AbstractBeanFactory.java:192)
	at org.springframework.beans.factory.support.DefaultListableBeanFactory.findAutowireCandidates(DefaultListableBeanFactory.java:848)
	at org.springframework.beans.factory.support.DefaultListableBeanFactory.doResolveDependency(DefaultListableBeanFactory.java:790)
	at org.springframework.beans.factory.support.DefaultListableBeanFactory.resolveDependency(DefaultListableBeanFactory.java:707)
	at org.springframework.beans.factory.annotation.AutowiredAnnotationBeanPostProcessor$AutowiredFieldElement.inject(AutowiredAnnotationBeanPostProcessor.java:480)
	at org.springframework.beans.factory.annotation.InjectionMetadata.inject(InjectionMetadata.java:84)
	at org.springframework.beans.factory.annotation.AutowiredAnnotationBeanPostProcessor.postProcessPropertyValues(AutowiredAnnotationBeanPostProcessor.java:285)
	at org.springframework.beans.factory.support.AbstractAutowireCapableBeanFactory.populateBean(AbstractAutowireCapableBeanFactory.java:1074)
	at org.springframework.beans.factory.support.AbstractAutowireCapableBeanFactory.doCreateBean(AbstractAutowireCapableBeanFactory.java:517)
	at org.springframework.beans.factory.support.AbstractAutowireCapableBeanFactory.createBean(AbstractAutowireCapableBeanFactory.java:456)
	at org.springframework.beans.factory.support.AbstractBeanFactory$1.getObject(AbstractBeanFactory.java:293)
	at org.springframework.beans.factory.support.DefaultSingletonBeanRegistry.getSingleton(DefaultSingletonBeanRegistry.java:222)
	at org.springframework.beans.factory.support.AbstractBeanFactory.doGetBean(AbstractBeanFactory.java:290)
	at org.springframework.beans.factory.support.AbstractBeanFactory.getBean(AbstractBeanFactory.java:192)
	at org.springframework.beans.factory.support.DefaultListableBeanFactory.preInstantiateSingletons(DefaultListableBeanFactory.java:585)
	at org.springframework.context.support.AbstractApplicationContext.finishBeanFactoryInitialization(AbstractApplicationContext.java:895)
	at org.springframework.context.support.AbstractApplicationContext.refresh(AbstractApplicationContext.java:425)
	at org.springframework.test.context.support.AbstractGenericContextLoader.loadContext(AbstractGenericContextLoader.java:84)
	at org.springframework.test.context.support.AbstractGenericContextLoader.loadContext(AbstractGenericContextLoader.java:1)
	at org.springframework.test.context.TestContext.loadApplicationContext(TestContext.java:280)
	at org.springframework.test.context.TestContext.getApplicationContext(TestContext.java:304)
	at org.springframework.test.context.support.DependencyInjectionTestExecutionListener.injectDependencies(DependencyInjectionTestExecutionListener.java:109)
	at org.springframework.test.context.support.DependencyInjectionTestExecutionListener.prepareTestInstance(DependencyInjectionTestExecutionListener.java:75)
	at org.springframework.test.context.TestContextManager.prepareTestInstance(TestContextManager.java:321)
	at org.springframework.test.context.junit4.SpringJUnit4ClassRunner.createTest(SpringJUnit4ClassRunner.java:211)
	at org.springframework.test.context.junit4.SpringJUnit4ClassRunner$1.runReflectiveCall(SpringJUnit4ClassRunner.java:287)
	at org.junit.internal.runners.model.ReflectiveCallable.run(ReflectiveCallable.java:15)
	at org.springframework.test.context.junit4.SpringJUnit4ClassRunner.methodBlock(SpringJUnit4ClassRunner.java:289)
	at org.springframework.test.context.junit4.SpringJUnit4ClassRunner.runChild(SpringJUnit4ClassRunner.java:231)
	at org.junit.runners.BlockJUnit4ClassRunner.runChild(BlockJUnit4ClassRunner.java:48)
	at org.junit.runners.ParentRunner$3.run(ParentRunner.java:231)
	at org.junit.runners.ParentRunner$1.schedule(ParentRunner.java:60)
	at org.junit.runners.ParentRunner.runChildren(ParentRunner.java:229)
	at org.junit.runners.ParentRunner.access$000(ParentRunner.java:50)
	at org.junit.runners.ParentRunner$2.evaluate(ParentRunner.java:222)
	at org.springframework.test.context.junit4.statements.RunBeforeTestClassCallbacks.evaluate(RunBeforeTestClassCallbacks.java:61)
	at org.springframework.test.context.junit4.statements.RunAfterTestClassCallbacks.evaluate(RunAfterTestClassCallbacks.java:70)
	at org.junit.runners.ParentRunner.run(ParentRunner.java:292)
	at org.springframework.test.context.junit4.SpringJUnit4ClassRunner.run(SpringJUnit4ClassRunner.java:174)
	at org.apache.maven.surefire.junit4.JUnit4Provider.execute(JUnit4Provider.java:252)
	at org.apache.maven.surefire.junit4.JUnit4Provider.executeTestSet(JUnit4Provider.java:141)
	at org.apache.maven.surefire.junit4.JUnit4Provider.invoke(JUnit4Provider.java:112)
	at sun.reflect.NativeMethodAccessorImpl.invoke0(Native Method)
	at sun.reflect.NativeMethodAccessorImpl.invoke(Unknown Source)
	at sun.reflect.DelegatingMethodAccessorImpl.invoke(Unknown Source)
	at java.lang.reflect.Method.invoke(Unknown Source)
	at org.apache.maven.surefire.util.ReflectionUtils.invokeMethodWithArray(ReflectionUtils.java:189)
	at org.apache.maven.surefire.booter.ProviderFactory$ProviderProxy.invoke(ProviderFactory.java:165)
	at org.apache.maven.surefire.booter.ProviderFactory.invokeProvider(ProviderFactory.java:85)
	at org.apache.maven.surefire.booter.ForkedBooter.runSuitesInProcess(ForkedBooter.java:115)
	at org.apache.maven.surefire.booter.ForkedBooter.main(ForkedBooter.java:75)
Caused by: java.sql.SQLTransientConnectionException: java.net.ConnectException: Connection refused: connect
	at org.hsqldb.jdbc.Util.sqlException(Unknown Source)
	at org.hsqldb.jdbc.Util.sqlException(Unknown Source)
	at org.hsqldb.jdbc.JDBCConnection.&lt;init&gt;(Unknown Source)
	at org.hsqldb.jdbc.JDBCDriver.getConnection(Unknown Source)
	at org.hsqldb.jdbc.JDBCDriver.connect(Unknown Source)
	at org.apache.commons.dbcp.DriverConnectionFactory.createConnection(DriverConnectionFactory.java:38)
	at org.apache.commons.dbcp.PoolableConnectionFactory.makeObject(PoolableConnectionFactory.java:582)
	at org.apache.commons.dbcp.BasicDataSource.validateConnectionFactory(BasicDataSource.java:1556)
	at org.apache.commons.dbcp.BasicDataSource.createPoolableConnectionFactory(BasicDataSource.java:1545)
	... 68 more
Caused by: org.hsqldb.HsqlException: java.net.ConnectException: Connection refused: connect
	at org.hsqldb.ClientConnection.openConnection(Unknown Source)
	at org.hsqldb.ClientConnection.initConnection(Unknown Source)
	at org.hsqldb.ClientConnection.&lt;init&gt;(Unknown Source)
	... 75 more
Caused by: java.net.ConnectException: Connection refused: connect
	at java.net.DualStackPlainSocketImpl.connect0(Native Method)
	at java.net.DualStackPlainSocketImpl.socketConnect(Unknown Source)
	at java.net.AbstractPlainSocketImpl.doConnect(Unknown Source)
	at java.net.AbstractPlainSocketImpl.connectToAddress(Unknown Source)
	at java.net.AbstractPlainSocketImpl.connect(Unknown Source)
	at java.net.PlainSocketImpl.connect(Unknown Source)
	at java.net.SocksSocketImpl.connect(Unknown Source)
	at java.net.Socket.connect(Unknown Source)
	at java.net.Socket.connect(Unknown Source)
	at java.net.Socket.&lt;init&gt;(Unknown Source)
	at java.net.Socket.&lt;init&gt;(Unknown Source)
	at org.hsqldb.server.HsqlSocketFactory.createSocket(Unknown Source)
	... 78 more
2017-01-25 20:30:07,994 INFO  [Dialect]  - Using dialect: org.hibernate.dialect.HSQLDialect
2017-01-25 20:30:07,994 INFO  [JdbcSupportLoader]  - Disabling contextual LOB creation as connection was null
2017-01-25 20:30:07,994 INFO  [TransactionFactoryFactory]  - Transaction strategy: org.springframework.orm.hibernate3.SpringTransactionFactory
2017-01-25 20:30:07,995 INFO  [TransactionManagerLookupFactory]  - No TransactionManagerLookup configured (in JTA environment, use of read-write or transactional second-level cache is not recommended)
2017-01-25 20:30:07,995 INFO  [SettingsFactory]  - Automatic flush during beforeCompletion(): disabled
2017-01-25 20:30:07,995 INFO  [SettingsFactory]  - Automatic session close at end of transaction: disabled
2017-01-25 20:30:07,995 INFO  [SettingsFactory]  - Scrollable result sets: disabled
2017-01-25 20:30:07,996 INFO  [SettingsFactory]  - JDBC3 getGeneratedKeys(): disabled
2017-01-25 20:30:07,996 INFO  [SettingsFactory]  - Connection release mode: auto
2017-01-25 20:30:07,996 INFO  [SettingsFactory]  - Default batch fetch size: 1
2017-01-25 20:30:07,996 INFO  [SettingsFactory]  - Generate SQL with comments: disabled
2017-01-25 20:30:07,996 INFO  [SettingsFactory]  - Order SQL updates by primary key: disabled
2017-01-25 20:30:07,996 INFO  [SettingsFactory]  - Order SQL inserts for batching: disabled
2017-01-25 20:30:07,997 INFO  [SettingsFactory]  - Query translator: org.hibernate.hql.ast.ASTQueryTranslatorFactory
2017-01-25 20:30:07,997 INFO  [ASTQueryTranslatorFactory]  - Using ASTQueryTranslatorFactory
2017-01-25 20:30:07,997 INFO  [SettingsFactory]  - Query language substitutions: {}
2017-01-25 20:30:07,997 INFO  [SettingsFactory]  - JPA-QL strict compliance: disabled
2017-01-25 20:30:07,997 INFO  [SettingsFactory]  - Second-level cache: enabled
2017-01-25 20:30:07,997 INFO  [SettingsFactory]  - Query cache: disabled
2017-01-25 20:30:07,998 INFO  [SettingsFactory]  - Cache region factory : org.hibernate.cache.impl.NoCachingRegionFactory
2017-01-25 20:30:07,998 INFO  [SettingsFactory]  - Optimize cache for minimal puts: disabled
2017-01-25 20:30:07,998 INFO  [SettingsFactory]  - Structured second-level cache entries: disabled
2017-01-25 20:30:07,998 INFO  [SettingsFactory]  - Echoing all SQL to stdout
2017-01-25 20:30:08,002 INFO  [SettingsFactory]  - Statistics: disabled
2017-01-25 20:30:08,003 INFO  [SettingsFactory]  - Deleted entity synthetic identifier rollback: disabled
2017-01-25 20:30:08,003 INFO  [SettingsFactory]  - Default entity-mode: pojo
2017-01-25 20:30:08,003 INFO  [SettingsFactory]  - Named query checking : enabled
2017-01-25 20:30:08,004 INFO  [SettingsFactory]  - Check Nullability in Core (should be disabled when Bean Validation is on): enabled
2017-01-25 20:30:08,011 INFO  [SessionFactoryImpl]  - building session factory
2017-01-25 20:30:08,012 INFO  [BasicTypeRegistry]  - Type registration [wrapper_characters_clob] overrides previous : org.hibernate.type.CharacterArrayClobType@63d2fe
2017-01-25 20:30:08,012 INFO  [BasicTypeRegistry]  - Type registration [blob] overrides previous : org.hibernate.type.BlobType@187bc24
2017-01-25 20:30:08,012 INFO  [BasicTypeRegistry]  - Type registration [java.sql.Blob] overrides previous : org.hibernate.type.BlobType@187bc24
2017-01-25 20:30:08,012 INFO  [BasicTypeRegistry]  - Type registration [clob] overrides previous : org.hibernate.type.ClobType@144d57e
2017-01-25 20:30:08,012 INFO  [BasicTypeRegistry]  - Type registration [java.sql.Clob] overrides previous : org.hibernate.type.ClobType@144d57e
2017-01-25 20:30:08,012 INFO  [BasicTypeRegistry]  - Type registration [characters_clob] overrides previous : org.hibernate.type.PrimitiveCharacterArrayClobType@1c53a33
2017-01-25 20:30:08,012 INFO  [BasicTypeRegistry]  - Type registration [wrapper_materialized_blob] overrides previous : org.hibernate.type.WrappedMaterializedBlobType@1b7f657
2017-01-25 20:30:08,012 INFO  [BasicTypeRegistry]  - Type registration [materialized_clob] overrides previous : org.hibernate.type.MaterializedClobType@17b0699
2017-01-25 20:30:08,013 INFO  [BasicTypeRegistry]  - Type registration [materialized_blob] overrides previous : org.hibernate.type.MaterializedBlobType@37d3ed
2017-01-25 20:30:08,022 INFO  [SessionFactoryObjectFactory]  - Not binding factory to JNDI, no JNDI name configured
2017-01-25 20:30:08,033 INFO  [Dialect]  - Using dialect: org.hibernate.dialect.HSQLDialect
2017-01-25 20:30:09,034 WARN  [JDBCExceptionReporter]  - SQL Error: 0, SQLState: null
2017-01-25 20:30:09,034 ERROR [JDBCExceptionReporter]  - Cannot create PoolableConnectionFactory (java.net.ConnectException: Connection refused: connect)
2017-01-25 20:30:09,034 WARN  [JDBCExceptionReporter]  - SQL Error: 0, SQLState: null
2017-01-25 20:30:09,034 ERROR [JDBCExceptionReporter]  - Cannot create PoolableConnectionFactory (java.net.ConnectException: Connection refused: connect)
2017-01-25 20:30:10,036 ERROR [TestContextManager]  - Caught exception while allowing TestExecutionListener [org.springframework.test.context.support.DependencyInjectionTestExecutionListener@b12f8a] to prepare test instance [Transport.service.TransManagerTest@13138bd]
java.lang.IllegalStateException: Failed to load ApplicationContext
	at org.springframework.test.context.TestContext.getApplicationContext(TestContext.java:308)
	at org.springframework.test.context.support.DependencyInjectionTestExecutionListener.injectDependencies(DependencyInjectionTestExecutionListener.java:109)
	at org.springframework.test.context.support.DependencyInjectionTestExecutionListener.prepareTestInstance(DependencyInjectionTestExecutionListener.java:75)
	at org.springframework.test.context.TestContextManager.prepareTestInstance(TestContextManager.java:321)
	at org.springframework.test.context.junit4.SpringJUnit4ClassRunner.createTest(SpringJUnit4ClassRunner.java:211)
	at org.springframework.test.context.junit4.SpringJUnit4ClassRunner$1.runReflectiveCall(SpringJUnit4ClassRunner.java:287)
	at org.junit.internal.runners.model.ReflectiveCallable.run(ReflectiveCallable.java:15)
	at org.springframework.test.context.junit4.SpringJUnit4ClassRunner.methodBlock(SpringJUnit4ClassRunner.java:289)
	at org.springframework.test.context.junit4.SpringJUnit4ClassRunner.runChild(SpringJUnit4ClassRunner.java:231)
	at org.junit.runners.BlockJUnit4ClassRunner.runChild(BlockJUnit4ClassRunner.java:48)
	at org.junit.runners.ParentRunner$3.run(ParentRunner.java:231)
	at org.junit.runners.ParentRunner$1.schedule(ParentRunner.java:60)
	at org.junit.runners.ParentRunner.runChildren(ParentRunner.java:229)
	at org.junit.runners.ParentRunner.access$000(ParentRunner.java:50)
	at org.junit.runners.ParentRunner$2.evaluate(ParentRunner.java:222)
	at org.springframework.test.context.junit4.statements.RunBeforeTestClassCallbacks.evaluate(RunBeforeTestClassCallbacks.java:61)
	at org.springframework.test.context.junit4.statements.RunAfterTestClassCallbacks.evaluate(RunAfterTestClassCallbacks.java:70)
	at org.junit.runners.ParentRunner.run(ParentRunner.java:292)
	at org.springframework.test.context.junit4.SpringJUnit4ClassRunner.run(SpringJUnit4ClassRunner.java:174)
	at org.apache.maven.surefire.junit4.JUnit4Provider.execute(JUnit4Provider.java:252)
	at org.apache.maven.surefire.junit4.JUnit4Provider.executeTestSet(JUnit4Provider.java:141)
	at org.apache.maven.surefire.junit4.JUnit4Provider.invoke(JUnit4Provider.java:112)
	at sun.reflect.NativeMethodAccessorImpl.invoke0(Native Method)
	at sun.reflect.NativeMethodAccessorImpl.invoke(Unknown Source)
	at sun.reflect.DelegatingMethodAccessorImpl.invoke(Unknown Source)
	at java.lang.reflect.Method.invoke(Unknown Source)
	at org.apache.maven.surefire.util.ReflectionUtils.invokeMethodWithArray(ReflectionUtils.java:189)
[...]
	at java.net.AbstractPlainSocketImpl.connect(Unknown Source)
	at java.net.PlainSocketImpl.connect(Unknown Source)
	at java.net.SocksSocketImpl.connect(Unknown Source)
	at java.net.Socket.connect(Unknown Source)
	at java.net.Socket.connect(Unknown Source)
	at java.net.Socket.&lt;init&gt;(Unknown Source)
	at java.net.Socket.&lt;init&gt;(Unknown Source)
	at org.hsqldb.server.HsqlSocketFactory.createSocket(Unknown Source)
	... 78 more
2017-01-25 20:30:39,093 INFO  [Dialect]  - Using dialect: org.hibernate.dialect.HSQLDialect
2017-01-25 20:30:39,093 INFO  [JdbcSupportLoader]  - Disabling contextual LOB creation as connection was null
2017-01-25 20:30:39,093 INFO  [TransactionFactoryFactory]  - Transaction strategy: org.springframework.orm.hibernate3.SpringTransactionFactory
2017-01-25 20:30:39,093 INFO  [TransactionManagerLookupFactory]  - No TransactionManagerLookup configured (in JTA environment, use of read-write or transactional second-level cache is not recommended)
2017-01-25 20:30:39,093 INFO  [SettingsFactory]  - Automatic flush during beforeCompletion(): disabled
2017-01-25 20:30:39,093 INFO  [SettingsFactory]  - Automatic session close at end of transaction: disabled
2017-01-25 20:30:39,093 INFO  [SettingsFactory]  - Scrollable result sets: disabled
2017-01-25 20:30:39,093 INFO  [SettingsFactory]  - JDBC3 getGeneratedKeys(): disabled
2017-01-25 20:30:39,093 INFO  [SettingsFactory]  - Connection release mode: auto
2017-01-25 20:30:39,094 INFO  [SettingsFactory]  - Default batch fetch size: 1
2017-01-25 20:30:39,094 INFO  [SettingsFactory]  - Generate SQL with comments: disabled
2017-01-25 20:30:39,094 INFO  [SettingsFactory]  - Order SQL updates by primary key: disabled
2017-01-25 20:30:39,094 INFO  [SettingsFactory]  - Order SQL inserts for batching: disabled
2017-01-25 20:30:39,097 INFO  [SettingsFactory]  - Query translator: org.hibernate.hql.ast.ASTQueryTranslatorFactory
2017-01-25 20:30:39,097 INFO  [ASTQueryTranslatorFactory]  - Using ASTQueryTranslatorFactory
2017-01-25 20:30:39,097 INFO  [SettingsFactory]  - Query language substitutions: {}
2017-01-25 20:30:39,097 INFO  [SettingsFactory]  - JPA-QL strict compliance: disabled
2017-01-25 20:30:39,097 INFO  [SettingsFactory]  - Second-level cache: enabled
2017-01-25 20:30:39,097 INFO  [SettingsFactory]  - Query cache: disabled
2017-01-25 20:30:39,097 INFO  [SettingsFactory]  - Cache region factory : org.hibernate.cache.impl.NoCachingRegionFactory
2017-01-25 20:30:39,097 INFO  [SettingsFactory]  - Optimize cache for minimal puts: disabled
2017-01-25 20:30:39,097 INFO  [SettingsFactory]  - Structured second-level cache entries: disabled
2017-01-25 20:30:39,097 INFO  [SettingsFactory]  - Echoing all SQL to stdout
2017-01-25 20:30:39,098 INFO  [SettingsFactory]  - Statistics: disabled
2017-01-25 20:30:39,098 INFO  [SettingsFactory]  - Deleted entity synthetic identifier rollback: disabled
2017-01-25 20:30:39,098 INFO  [SettingsFactory]  - Default entity-mode: pojo
2017-01-25 20:30:39,098 INFO  [SettingsFactory]  - Named query checking : enabled
2017-01-25 20:30:39,098 INFO  [SettingsFactory]  - Check Nullability in Core (should be disabled when Bean Validation is on): enabled
2017-01-25 20:30:39,101 INFO  [SessionFactoryImpl]  - building session factory
2017-01-25 20:30:39,101 INFO  [BasicTypeRegistry]  - Type registration [wrapper_characters_clob] overrides previous : org.hibernate.type.CharacterArrayClobType@63d2fe
2017-01-25 20:30:39,102 INFO  [BasicTypeRegistry]  - Type registration [blob] overrides previous : org.hibernate.type.BlobType@187bc24
2017-01-25 20:30:39,102 INFO  [BasicTypeRegistry]  - Type registration [java.sql.Blob] overrides previous : org.hibernate.type.BlobType@187bc24
2017-01-25 20:30:39,102 INFO  [BasicTypeRegistry]  - Type registration [clob] overrides previous : org.hibernate.type.ClobType@144d57e
2017-01-25 20:30:39,102 INFO  [BasicTypeRegistry]  - Type registration [java.sql.Clob] overrides previous : org.hibernate.type.ClobType@144d57e
2017-01-25 20:30:39,102 INFO  [BasicTypeRegistry]  - Type registration [characters_clob] overrides previous : org.hibernate.type.PrimitiveCharacterArrayClobType@1c53a33
2017-01-25 20:30:39,102 INFO  [BasicTypeRegistry]  - Type registration [wrapper_materialized_blob] overrides previous : org.hibernate.type.WrappedMaterializedBlobType@1b7f657
2017-01-25 20:30:39,102 INFO  [BasicTypeRegistry]  - Type registration [materialized_clob] overrides previous : org.hibernate.type.MaterializedClobType@17b0699
2017-01-25 20:30:39,102 INFO  [BasicTypeRegistry]  - Type registration [materialized_blob] overrides previous : org.hibernate.type.MaterializedBlobType@37d3ed
2017-01-25 20:30:39,108 INFO  [SessionFactoryObjectFactory]  - Not binding factory to JNDI, no JNDI name configured
2017-01-25 20:30:39,116 INFO  [Dialect]  - Using dialect: org.hibernate.dialect.HSQLDialect
2017-01-25 20:30:40,117 WARN  [JDBCExceptionReporter]  - SQL Error: 0, SQLState: null
2017-01-25 20:30:40,117 ERROR [JDBCExceptionReporter]  - Cannot create PoolableConnectionFactory (java.net.ConnectException: Connection refused: connect)
2017-01-25 20:30:40,117 WARN  [JDBCExceptionReporter]  - SQL Error: 0, SQLState: null
2017-01-25 20:30:40,118 ERROR [JDBCExceptionReporter]  - Cannot create PoolableConnectionFactory (java.net.ConnectException: Connection refused: connect)
2017-01-25 20:30:41,115 ERROR [TestContextManager]  - Caught exception while allowing TestExecutionListener [org.springframework.test.context.support.DependencyInjectionTestExecutionListener@b12f8a] to prepare test instance [Transport.service.TransManagerTest@c85b0c]
java.lang.IllegalStateException: Failed to load ApplicationContext
	at org.springframework.test.context.TestContext.getApplicationContext(TestContext.java:308)
	at org.springframework.test.context.support.DependencyInjectionTestExecutionListener.injectDependencies(DependencyInjectionTestExecutionListener.java:109)
	at org.springframework.test.context.support.DependencyInjectionTestExecutionListener.prepareTestInstance(DependencyInjectionTestExecutionListener.java:75)
	at org.springframework.test.context.TestContextManager.prepareTestInstance(TestContextManager.java:321)
	at org.springframework.test.context.junit4.SpringJUnit4ClassRunner.createTest(SpringJUnit4ClassRunner.java:211)
	at org.springframework.test.context.junit4.SpringJUnit4ClassRunner$1.runReflectiveCall(SpringJUnit4ClassRunner.java:287)
	at org.junit.internal.runners.model.ReflectiveCallable.run(ReflectiveCallable.java:15)
	at org.springframework.test.context.junit4.SpringJUnit4ClassRunner.methodBlock(SpringJUnit4ClassRunner.java:289)
	at org.springframework.test.context.junit4.SpringJUnit4ClassRunner.runChild(SpringJUnit4ClassRunner.java:231)
	at org.junit.runners.BlockJUnit4ClassRunner.runChild(BlockJUnit4ClassRunner.java:48)
	at org.junit.runners.ParentRunner$3.run(ParentRunner.java:231)
	at org.junit.runners.ParentRunner$1.schedule(ParentRunner.java:60)
	at org.junit.runners.ParentRunner.runChildren(ParentRunner.java:229)
	at org.junit.runners.ParentRunner.access$000(ParentRunner.java:50)
	at org.junit.runners.ParentRunner$2.evaluate(ParentRunner.java:222)
	at org.springframework.test.context.junit4.statements.RunBeforeTestClassCallbacks.evaluate(RunBeforeTestClassCallbacks.java:61)
	at org.springframework.test.context.junit4.statements.RunAfterTestClassCallbacks.evaluate(RunAfterTestClassCallbacks.java:70)
	at org.junit.runners.ParentRunner.run(ParentRunner.java:292)
	at org.springframework.test.context.junit4.SpringJUnit4ClassRunner.run(SpringJUnit4ClassRunner.java:174)
	at org.apache.maven.surefire.junit4.JUnit4Provider.execute(JUnit4Provider.java:252)
	at org.apache.maven.surefire.junit4.JUnit4Provider.executeTestSet(JUnit4Provider.java:141)
	at org.apache.maven.surefire.junit4.JUnit4Provider.invoke(JUnit4Provider.java:112)
	at sun.reflect.NativeMethodAccessorImpl.invoke0(Native Method)
	at sun.reflect.NativeMethodAccessorImpl.invoke(Unknown Source)
	at sun.reflect.DelegatingMethodAccessorImpl.invoke(Unknown Source)
	at java.lang.reflect.Method.invoke(Unknown Source)
	at org.apache.maven.surefire.util.ReflectionUtils.invokeMethodWithArray(ReflectionUtils.java:189)
	at org.apache.maven.surefire.booter.ProviderFactory$ProviderProxy.invoke(ProviderFactory.java:165)
	at org.apache.maven.surefire.booter.ProviderFactory.invokeProvider(ProviderFactory.java:85)
	at org.apache.maven.surefire.booter.ForkedBooter.runSuitesInProcess(ForkedBooter.java:115)
	at org.apache.maven.surefire.booter.ForkedBooter.main(ForkedBooter.java:75)
Caused by: org.springframework.beans.factory.BeanCreationException: Error creating bean with name &apos;transMangerHibernateImpl&apos;: Injection of autowired dependencies failed; nested exception is org.springframework.beans.factory.BeanCreationException: Could not autowire field: private org.hibernate.SessionFactory Transport.service.TransMangerHibernateImpl.sessionFactory; nested exception is org.springframework.beans.factory.BeanCreationException: Error creating bean with name &apos;hibernateSessionFactory&apos; defined in class path resource [beans.xml]: Invocation of init method failed; nested exception is org.springframework.jdbc.UncategorizedSQLException: Hibernate operation: Cannot open connection; uncategorized SQLException for SQL [???]; SQL state [null]; error code [0]; Cannot create PoolableConnectionFactory (java.net.ConnectException: Connection refused: connect); nested exception is org.apache.commons.dbcp.SQLNestedException: Cannot create PoolableConnectionFactory (java.net.ConnectException: Connection refused: connect)
	at org.springframework.beans.factory.annotation.AutowiredAnnotationBeanPostProcessor.postProcessPropertyValues(AutowiredAnnotationBeanPostProcessor.java:288)
	at org.springframework.beans.factory.support.AbstractAutowireCapableBeanFactory.populateBean(AbstractAutowireCapableBeanFactory.java:1074)
	at org.springframework.beans.factory.support.AbstractAutowireCapableBeanFactory.doCreateBean(AbstractAutowireCapableBeanFactory.java:517)
	at org.springframework.beans.factory.support.AbstractAutowireCapableBeanFactory.createBean(AbstractAutowireCapableBeanFactory.java:456)
	at org.springframework.beans.factory.support.AbstractBeanFactory$1.getObject(AbstractBeanFactory.java:293)
	at org.springframework.beans.factory.support.DefaultSingletonBeanRegistry.getSingleton(DefaultSingletonBeanRegistry.java:222)
	at org.springframework.beans.factory.support.AbstractBeanFactory.doGetBean(AbstractBeanFactory.java:290)
	at org.springframework.beans.factory.support.AbstractBeanFactory.getBean(AbstractBeanFactory.java:192)
	at org.springframework.beans.factory.support.DefaultListableBeanFactory.preInstantiateSingletons(DefaultListableBeanFactory.java:585)
	at org.springframework.context.support.AbstractApplicationContext.finishBeanFactoryInitialization(AbstractApplicationContext.java:895)
	at org.springframework.context.support.AbstractApplicationContext.refresh(AbstractApplicationContext.java:425)
	at org.springframework.test.context.support.AbstractGenericContextLoader.loadContext(AbstractGenericContextLoader.java:84)
	at org.springframework.test.context.support.AbstractGenericContextLoader.loadContext(AbstractGenericContextLoader.java:1)
	at org.springframework.test.context.TestContext.loadApplicationContext(TestContext.java:280)
	at org.springframework.test.context.TestContext.getApplicationContext(TestContext.java:304)
	... 30 more
Caused by: org.springframework.beans.factory.BeanCreationException: Could not autowire field: private org.hibernate.SessionFactory Transport.service.TransMangerHibernateImpl.sessionFactory; nested exception is org.springframework.beans.factory.BeanCreationException: Error creating bean with name &apos;hibernateSessionFactory&apos; defined in class path resource [beans.xml]: Invocation of init method failed; nested exception is org.springframework.jdbc.UncategorizedSQLException: Hibernate operation: Cannot open connection; uncategorized SQLException for SQL [???]; SQL state [null]; error code [0]; Cannot create PoolableConnectionFactory (java.net.ConnectException: Connection refused: connect); nested exception is org.apache.commons.dbcp.SQLNestedException: Cannot create PoolableConnectionFactory (java.net.ConnectException: Connection refused: connect)
	at org.springframework.beans.factory.annotation.AutowiredAnnotationBeanPostProcessor$AutowiredFieldElement.inject(AutowiredAnnotationBeanPostProcessor.java:508)
	at org.springframework.beans.factory.annotation.InjectionMetadata.inject(InjectionMetadata.java:84)
	at org.springframework.beans.factory.annotation.AutowiredAnnotationBeanPostProcessor.postProcessPropertyValues(AutowiredAnnotationBeanPostProcessor.java:285)
	... 44 more
Caused by: org.springframework.beans.factory.BeanCreationException: Error creating bean with name &apos;hibernateSessionFactory&apos; defined in class path resource [beans.xml]: Invocation of init method failed; nested exception is org.springframework.jdbc.UncategorizedSQLException: Hibernate operation: Cannot open connection; uncategorized SQLException for SQL [???]; SQL state [null]; error code [0]; Cannot create PoolableConnectionFactory (java.net.ConnectException: Connection refused: connect); nested exception is org.apache.commons.dbcp.SQLNestedException: Cannot create PoolableConnectionFactory (java.net.ConnectException: Connection refused: connect)
	at org.springframework.beans.factory.support.AbstractAutowireCapableBeanFactory.initializeBean(AbstractAutowireCapableBeanFactory.java:1420)
	at org.springframework.beans.factory.support.AbstractAutowireCapableBeanFactory.doCreateBean(AbstractAutowireCapableBeanFactory.java:519)
	at org.springframework.beans.factory.support.AbstractAutowireCapableBeanFactory.createBean(AbstractAutowireCapableBeanFactory.java:456)
	at org.springframework.beans.factory.support.AbstractBeanFactory$1.getObject(AbstractBeanFactory.java:293)
	at org.springframework.beans.factory.support.DefaultSingletonBeanRegistry.getSingleton(DefaultSingletonBeanRegistry.java:222)
	at org.springframework.beans.factory.support.AbstractBeanFactory.doGetBean(AbstractBeanFactory.java:290)
	at org.springframework.beans.factory.support.AbstractBeanFactory.getBean(AbstractBeanFactory.java:192)
	at org.springframework.beans.factory.support.DefaultListableBeanFactory.findAutowireCandidates(DefaultListableBeanFactory.java:848)
	at org.springframework.beans.factory.support.DefaultListableBeanFactory.doResolveDependency(DefaultListableBeanFactory.java:790)
	at org.springframework.beans.factory.support.DefaultListableBeanFactory.resolveDependency(DefaultListableBeanFactory.java:707)
	at org.springframework.beans.factory.annotation.AutowiredAnnotationBeanPostProcessor$AutowiredFieldElement.inject(AutowiredAnnotationBeanPostProcessor.java:480)
	... 46 more
Caused by: org.springframework.jdbc.UncategorizedSQLException: Hibernate operation: Cannot open connection; uncategorized SQLException for SQL [???]; SQL state [null]; error code [0]; Cannot create PoolableConnectionFactory (java.net.ConnectException: Connection refused: connect); nested exception is org.apache.commons.dbcp.SQLNestedException: Cannot create PoolableConnectionFactory (java.net.ConnectException: Connection refused: connect)
	at org.springframework.jdbc.support.AbstractFallbackSQLExceptionTranslator.translate(AbstractFallbackSQLExceptionTranslator.java:83)
	at org.springframework.jdbc.support.AbstractFallbackSQLExceptionTranslator.translate(AbstractFallbackSQLExceptionTranslator.java:80)
	at org.springframework.orm.hibernate3.HibernateAccessor.convertJdbcAccessException(HibernateAccessor.java:424)
	at org.springframework.orm.hibernate3.HibernateAccessor.convertHibernateAccessException(HibernateAccessor.java:410)
	at org.springframework.orm.hibernate3.HibernateTemplate.doExecute(HibernateTemplate.java:411)
	at org.springframework.orm.hibernate3.HibernateTemplate.execute(HibernateTemplate.java:339)
	at org.springframework.orm.hibernate3.LocalSessionFactoryBean.updateDatabaseSchema(LocalSessionFactoryBean.java:935)
	at org.springframework.orm.hibernate3.LocalSessionFactoryBean.afterSessionFactoryCreation(LocalSessionFactoryBean.java:883)
	at org.springframework.orm.hibernate3.AbstractSessionFactoryBean.afterPropertiesSet(AbstractSessionFactoryBean.java:213)
	at org.springframework.beans.factory.support.AbstractAutowireCapableBeanFactory.invokeInitMethods(AbstractAutowireCapableBeanFactory.java:1477)
	at org.springframework.beans.factory.support.AbstractAutowireCapableBeanFactory.initializeBean(AbstractAutowireCapableBeanFactory.java:1417)
	... 56 more
Caused by: org.apache.commons.dbcp.SQLNestedException: Cannot create PoolableConnectionFactory (java.net.ConnectException: Connection refused: connect)
	at org.apache.commons.dbcp.BasicDataSource.createPoolableConnectionFactory(BasicDataSource.java:1549)
	at org.apache.commons.dbcp.BasicDataSource.createDataSource(BasicDataSource.java:1388)
	at org.apache.commons.dbcp.BasicDataSource.getConnection(BasicDataSource.java:1044)
	at org.springframework.orm.hibernate3.LocalDataSourceConnectionProvider.getConnection(LocalDataSourceConnectionProvider.java:81)
	at org.hibernate.jdbc.ConnectionManager.openConnection(ConnectionManager.java:446)
	at org.hibernate.jdbc.ConnectionManager.getConnection(ConnectionManager.java:167)
	at org.hibernate.jdbc.BorrowedConnectionProxy.invoke(BorrowedConnectionProxy.java:74)
	at com.sun.proxy.$Proxy24.getMetaData(Unknown Source)
	at org.hibernate.tool.hbm2ddl.DatabaseMetadata.&lt;init&gt;(DatabaseMetadata.java:67)
	at org.hibernate.tool.hbm2ddl.DatabaseMetadata.&lt;init&gt;(DatabaseMetadata.java:62)
	at org.springframework.orm.hibernate3.LocalSessionFactoryBean$1.doInHibernate(LocalSessionFactoryBean.java:940)
	at org.springframework.orm.hibernate3.HibernateTemplate.doExecute(HibernateTemplate.java:406)
	... 62 more
Caused by: java.sql.SQLTransientConnectionException: java.net.ConnectException: Connection refused: connect
	at org.hsqldb.jdbc.Util.sqlException(Unknown Source)
	at org.hsqldb.jdbc.Util.sqlException(Unknown Source)
	at org.hsqldb.jdbc.JDBCConnection.&lt;init&gt;(Unknown Source)
	at org.hsqldb.jdbc.JDBCDriver.getConnection(Unknown Source)
	at org.hsqldb.jdbc.JDBCDriver.connect(Unknown Source)
	at org.apache.commons.dbcp.DriverConnectionFactory.createConnection(DriverConnectionFactory.java:38)
	at org.apache.commons.dbcp.PoolableConnectionFactory.makeObject(PoolableConnectionFactory.java:582)
	at org.apache.commons.dbcp.BasicDataSource.validateConnectionFactory(BasicDataSource.java:1556)
	at org.apache.commons.dbcp.BasicDataSource.createPoolableConnectionFactory(BasicDataSource.java:1545)
	... 73 more
Caused by: org.hsqldb.HsqlException: java.net.ConnectException: Connection refused: connect
	at org.hsqldb.ClientConnection.openConnection(Unknown Source)
	at org.hsqldb.ClientConnection.initConnection(Unknown Source)
	at org.hsqldb.ClientConnection.&lt;init&gt;(Unknown Source)
	... 80 more
Caused by: java.net.ConnectException: Connection refused: connect
	at java.net.DualStackPlainSocketImpl.connect0(Native Method)
	at java.net.DualStackPlainSocketImpl.socketConnect(Unknown Source)
	at java.net.AbstractPlainSocketImpl.doConnect(Unknown Source)
	at java.net.AbstractPlainSocketImpl.connectToAddress(Unknown Source)
	at java.net.AbstractPlainSocketImpl.connect(Unknown Source)
	at java.net.PlainSocketImpl.connect(Unknown Source)
	at java.net.SocksSocketImpl.connect(Unknown Source)
	at java.net.Socket.connect(Unknown Source)
	at java.net.Socket.connect(Unknown Source)
	at java.net.Socket.&lt;init&gt;(Unknown Source)
	at java.net.Socket.&lt;init&gt;(Unknown Source)
	at org.hsqldb.server.HsqlSocketFactory.createSocket(Unknown Source)
	... 83 more
</system-out>
  </testcase>
</testsuite>